  [1m[35m (0.4ms)[0m  [1m[35mCREATE TABLE "schema_migrations" ("version" varchar NOT NULL PRIMARY KEY)[0m
  [1m[35m (0.3ms)[0m  [1m[35mCREATE TABLE "ar_internal_metadata" ("key" varchar NOT NULL PRIMARY KEY, "value" varchar, "created_at" datetime(6) NOT NULL, "updated_at" datetime(6) NOT NULL)[0m
  [1m[36mActiveRecord::SchemaMigration Pluck (0.1ms)[0m  [1m[34mSELECT "schema_migrations"."version" FROM "schema_migrations" ORDER BY "schema_migrations"."version" ASC[0m
Migrating to CreateCompanies (20230617180119)
  [1m[36mTRANSACTION (0.0ms)[0m  [1m[36mbegin transaction[0m
  [1m[35m (0.2ms)[0m  [1m[35mCREATE TABLE "companies" ("id" integer PRIMARY KEY AUTOINCREMENT NOT NULL, "name" varchar, "address" varchar, "contact" varchar, "created_at" datetime(6) NOT NULL, "updated_at" datetime(6) NOT NULL)[0m
  [1m[36mActiveRecord::SchemaMigration Create (0.1ms)[0m  [1m[32mINSERT INTO "schema_migrations" ("version") VALUES (?)[0m  [["version", "20230617180119"]]
  [1m[36mTRANSACTION (0.3ms)[0m  [1m[36mcommit transaction[0m
  [1m[36mActiveRecord::InternalMetadata Load (0.1ms)[0m  [1m[34mSELECT "ar_internal_metadata".* FROM "ar_internal_metadata" WHERE "ar_internal_metadata"."key" = ? LIMIT ?[0m  [["key", "environment"], ["LIMIT", 1]]
  [1m[36mTRANSACTION (0.0ms)[0m  [1m[36mbegin transaction[0m
  [1m[36mActiveRecord::InternalMetadata Create (0.2ms)[0m  [1m[32mINSERT INTO "ar_internal_metadata" ("key", "value", "created_at", "updated_at") VALUES (?, ?, ?, ?)[0m  [["key", "environment"], ["value", "development"], ["created_at", "2023-06-17 18:05:17.775418"], ["updated_at", "2023-06-17 18:05:17.775418"]]
  [1m[36mTRANSACTION (0.2ms)[0m  [1m[36mcommit transaction[0m
  [1m[36mActiveRecord::SchemaMigration Pluck (0.0ms)[0m  [1m[34mSELECT "schema_migrations"."version" FROM "schema_migrations" ORDER BY "schema_migrations"."version" ASC[0m
  [1m[36mActiveRecord::SchemaMigration Pluck (0.2ms)[0m  [1m[34mSELECT "schema_migrations"."version" FROM "schema_migrations" ORDER BY "schema_migrations"."version" ASC[0m
Migrating to CreateMembers (20230617180559)
  [1m[36mTRANSACTION (0.0ms)[0m  [1m[36mbegin transaction[0m
  [1m[35m (0.9ms)[0m  [1m[35mCREATE TABLE "members" ("id" integer PRIMARY KEY AUTOINCREMENT NOT NULL, "username" varchar, "password" varchar, "email" varchar, "created_at" datetime(6) NOT NULL, "updated_at" datetime(6) NOT NULL)[0m
  [1m[36mActiveRecord::SchemaMigration Create (0.1ms)[0m  [1m[32mINSERT INTO "schema_migrations" ("version") VALUES (?)[0m  [["version", "20230617180559"]]
  [1m[36mTRANSACTION (0.4ms)[0m  [1m[36mcommit transaction[0m
Migrating to CreatePermissions (20230617180620)
  [1m[36mTRANSACTION (0.0ms)[0m  [1m[36mbegin transaction[0m
  [1m[35m (0.2ms)[0m  [1m[35mCREATE TABLE "permissions" ("id" integer PRIMARY KEY AUTOINCREMENT NOT NULL, "name" varchar, "description" varchar, "actions" varchar, "created_at" datetime(6) NOT NULL, "updated_at" datetime(6) NOT NULL)[0m
  [1m[36mActiveRecord::SchemaMigration Create (0.1ms)[0m  [1m[32mINSERT INTO "schema_migrations" ("version") VALUES (?)[0m  [["version", "20230617180620"]]
  [1m[36mTRANSACTION (0.2ms)[0m  [1m[36mcommit transaction[0m
Migrating to CreateSearches (20230617180635)
  [1m[36mTRANSACTION (0.0ms)[0m  [1m[36mbegin transaction[0m
  [1m[35m (0.2ms)[0m  [1m[35mCREATE TABLE "searches" ("id" integer PRIMARY KEY AUTOINCREMENT NOT NULL, "created_at" datetime(6) NOT NULL, "updated_at" datetime(6) NOT NULL)[0m
  [1m[36mActiveRecord::SchemaMigration Create (0.0ms)[0m  [1m[32mINSERT INTO "schema_migrations" ("version") VALUES (?)[0m  [["version", "20230617180635"]]
  [1m[36mTRANSACTION (0.2ms)[0m  [1m[36mcommit transaction[0m
Migrating to CreateAuthentications (20230617180654)
  [1m[36mTRANSACTION (0.0ms)[0m  [1m[36mbegin transaction[0m
  [1m[35m (0.2ms)[0m  [1m[35mCREATE TABLE "authentications" ("id" integer PRIMARY KEY AUTOINCREMENT NOT NULL, "username" varchar, "password_hash" varchar, "token" varchar, "created_at" datetime(6) NOT NULL, "updated_at" datetime(6) NOT NULL)[0m
  [1m[36mActiveRecord::SchemaMigration Create (0.1ms)[0m  [1m[32mINSERT INTO "schema_migrations" ("version") VALUES (?)[0m  [["version", "20230617180654"]]
  [1m[36mTRANSACTION (0.3ms)[0m  [1m[36mcommit transaction[0m
Migrating to AddCompanyNameAndListingStatusToCompanies (20230618043053)
  [1m[36mTRANSACTION (0.0ms)[0m  [1m[36mbegin transaction[0m
  [1m[35m (0.5ms)[0m  [1m[35mALTER TABLE "companies" ADD "company_name" varchar[0m
  [1m[35m (0.1ms)[0m  [1m[35mALTER TABLE "companies" ADD "listing_status" varchar[0m
  [1m[36mActiveRecord::SchemaMigration Create (0.1ms)[0m  [1m[32mINSERT INTO "schema_migrations" ("version") VALUES (?)[0m  [["version", "20230618043053"]]
  [1m[36mTRANSACTION (0.3ms)[0m  [1m[36mcommit transaction[0m
  [1m[36mActiveRecord::InternalMetadata Load (0.1ms)[0m  [1m[34mSELECT "ar_internal_metadata".* FROM "ar_internal_metadata" WHERE "ar_internal_metadata"."key" = ? LIMIT ?[0m  [["key", "environment"], ["LIMIT", 1]]
  [1m[36mActiveRecord::SchemaMigration Pluck (0.0ms)[0m  [1m[34mSELECT "schema_migrations"."version" FROM "schema_migrations" ORDER BY "schema_migrations"."version" ASC[0m
  [1m[36mActiveRecord::SchemaMigration Pluck (0.0ms)[0m  [1m[34mSELECT "schema_migrations"."version" FROM "schema_migrations" ORDER BY "schema_migrations"."version" ASC[0m
  [1m[36mCompany Load (0.2ms)[0m  [1m[34mSELECT "companies".* FROM "companies"[0m
  [1m[36mCompany Load (0.3ms)[0m  [1m[34mSELECT "companies".* FROM "companies"[0m
  [1m[36mCompany Load (0.9ms)[0m  [1m[34mSELECT "companies".* FROM "companies"[0m
  [1m[36mCompany Load (0.3ms)[0m  [1m[34mSELECT "companies".* FROM "companies"[0m
  [1m[36mCompany Load (0.1ms)[0m  [1m[34mSELECT "companies".* FROM "companies"[0m
  [1m[36mCompany Load (0.4ms)[0m  [1m[34mSELECT "companies".* FROM "companies"[0m
  [1m[36mActiveRecord::SchemaMigration Pluck (0.0ms)[0m  [1m[34mSELECT "schema_migrations"."version" FROM "schema_migrations" ORDER BY "schema_migrations"."version" ASC[0m
  [1m[36mActiveRecord::SchemaMigration Pluck (0.1ms)[0m  [1m[34mSELECT "schema_migrations"."version" FROM "schema_migrations" ORDER BY "schema_migrations"."version" ASC[0m
  [1m[36mActiveRecord::SchemaMigration Pluck (0.2ms)[0m  [1m[34mSELECT "schema_migrations"."version" FROM "schema_migrations" ORDER BY "schema_migrations"."version" ASC[0m
  [1m[36mActiveRecord::SchemaMigration Pluck (0.0ms)[0m  [1m[34mSELECT "schema_migrations"."version" FROM "schema_migrations" ORDER BY "schema_migrations"."version" ASC[0m
  [1m[36mActiveRecord::SchemaMigration Pluck (0.0ms)[0m  [1m[34mSELECT "schema_migrations"."version" FROM "schema_migrations" ORDER BY "schema_migrations"."version" ASC[0m
Migrating to AddCodeToCompanies (20230618051420)
  [1m[36mTRANSACTION (0.0ms)[0m  [1m[36mbegin transaction[0m
  [1m[35m (1.1ms)[0m  [1m[35mALTER TABLE "companies" ADD "ä¼æ¥­ã‚³ãƒ¼ãƒ‰" varchar[0m
  [1m[36mActiveRecord::SchemaMigration Create (0.1ms)[0m  [1m[32mINSERT INTO "schema_migrations" ("version") VALUES (?)[0m  [["version", "20230618051420"]]
  [1m[36mTRANSACTION (0.3ms)[0m  [1m[36mcommit transaction[0m
  [1m[36mActiveRecord::InternalMetadata Load (0.1ms)[0m  [1m[34mSELECT "ar_internal_metadata".* FROM "ar_internal_metadata" WHERE "ar_internal_metadata"."key" = ? LIMIT ?[0m  [["key", "environment"], ["LIMIT", 1]]
  [1m[36mActiveRecord::SchemaMigration Pluck (0.0ms)[0m  [1m[34mSELECT "schema_migrations"."version" FROM "schema_migrations" ORDER BY "schema_migrations"."version" ASC[0m
  [1m[36mActiveRecord::SchemaMigration Pluck (0.0ms)[0m  [1m[34mSELECT "schema_migrations"."version" FROM "schema_migrations" ORDER BY "schema_migrations"."version" ASC[0m
  [1m[36mActiveRecord::SchemaMigration Pluck (0.0ms)[0m  [1m[34mSELECT "schema_migrations"."version" FROM "schema_migrations" ORDER BY "schema_migrations"."version" ASC[0m
Migrating to AddNameToCompanies (20230618052109)
  [1m[36mTRANSACTION (0.0ms)[0m  [1m[36mbegin transaction[0m
  [1m[35m (0.4ms)[0m  [1m[35mALTER TABLE "companies" ADD "ä¼æ¥­å" varchar[0m
  [1m[36mActiveRecord::SchemaMigration Create (0.1ms)[0m  [1m[32mINSERT INTO "schema_migrations" ("version") VALUES (?)[0m  [["version", "20230618052109"]]
  [1m[36mTRANSACTION (0.3ms)[0m  [1m[36mcommit transaction[0m
  [1m[36mActiveRecord::InternalMetadata Load (0.2ms)[0m  [1m[34mSELECT "ar_internal_metadata".* FROM "ar_internal_metadata" WHERE "ar_internal_metadata"."key" = ? LIMIT ?[0m  [["key", "environment"], ["LIMIT", 1]]
  [1m[36mActiveRecord::SchemaMigration Pluck (0.0ms)[0m  [1m[34mSELECT "schema_migrations"."version" FROM "schema_migrations" ORDER BY "schema_migrations"."version" ASC[0m
  [1m[36mActiveRecord::SchemaMigration Pluck (0.2ms)[0m  [1m[34mSELECT "schema_migrations"."version" FROM "schema_migrations" ORDER BY "schema_migrations"."version" ASC[0m
  [1m[36mActiveRecord::SchemaMigration Pluck (0.1ms)[0m  [1m[34mSELECT "schema_migrations"."version" FROM "schema_migrations" ORDER BY "schema_migrations"."version" ASC[0m
Migrating to AddListingStatusToCompanies (20230618052324)
  [1m[36mTRANSACTION (0.0ms)[0m  [1m[36mbegin transaction[0m
  [1m[35m (0.4ms)[0m  [1m[35mALTER TABLE "companies" ADD "ä¸Šå ´çŠ¶æ³" varchar[0m
  [1m[36mActiveRecord::SchemaMigration Create (0.1ms)[0m  [1m[32mINSERT INTO "schema_migrations" ("version") VALUES (?)[0m  [["version", "20230618052324"]]
  [1m[36mTRANSACTION (0.2ms)[0m  [1m[36mcommit transaction[0m
  [1m[36mActiveRecord::InternalMetadata Load (0.2ms)[0m  [1m[34mSELECT "ar_internal_metadata".* FROM "ar_internal_metadata" WHERE "ar_internal_metadata"."key" = ? LIMIT ?[0m  [["key", "environment"], ["LIMIT", 1]]
  [1m[36mActiveRecord::SchemaMigration Pluck (0.0ms)[0m  [1m[34mSELECT "schema_migrations"."version" FROM "schema_migrations" ORDER BY "schema_migrations"."version" ASC[0m
  [1m[36mActiveRecord::SchemaMigration Pluck (0.0ms)[0m  [1m[34mSELECT "schema_migrations"."version" FROM "schema_migrations" ORDER BY "schema_migrations"."version" ASC[0m
  [1m[36mActiveRecord::SchemaMigration Pluck (0.1ms)[0m  [1m[34mSELECT "schema_migrations"."version" FROM "schema_migrations" ORDER BY "schema_migrations"."version" ASC[0m
  [1m[36mCompany Load (0.1ms)[0m  [1m[34mSELECT "companies".* FROM "companies"[0m
  [1m[36mActiveRecord::SchemaMigration Pluck (0.0ms)[0m  [1m[34mSELECT "schema_migrations"."version" FROM "schema_migrations" ORDER BY "schema_migrations"."version" ASC[0m
  [1m[36mActiveRecord::SchemaMigration Pluck (0.0ms)[0m  [1m[34mSELECT "schema_migrations"."version" FROM "schema_migrations" ORDER BY "schema_migrations"."version" ASC[0m
  [1m[36mActiveRecord::SchemaMigration Pluck (0.2ms)[0m  [1m[34mSELECT "schema_migrations"."version" FROM "schema_migrations" ORDER BY "schema_migrations"."version" ASC[0m
  [1m[36mCompany Load (0.4ms)[0m  [1m[34mSELECT "companies".* FROM "companies"[0m
  [1m[36mActiveRecord::SchemaMigration Pluck (0.1ms)[0m  [1m[34mSELECT "schema_migrations"."version" FROM "schema_migrations" ORDER BY "schema_migrations"."version" ASC[0m
Migrating to CreateStationData (20230618113821)
  [1m[36mTRANSACTION (0.0ms)[0m  [1m[36mbegin transaction[0m
  [1m[35m (0.3ms)[0m  [1m[35mCREATE TABLE "station_data" ("id" integer PRIMARY KEY AUTOINCREMENT NOT NULL, "created_at" datetime(6) NOT NULL, "updated_at" datetime(6) NOT NULL)[0m
  [1m[36mActiveRecord::SchemaMigration Create (0.1ms)[0m  [1m[32mINSERT INTO "schema_migrations" ("version") VALUES (?)[0m  [["version", "20230618113821"]]
  [1m[36mTRANSACTION (0.4ms)[0m  [1m[36mcommit transaction[0m
  [1m[36mActiveRecord::InternalMetadata Load (0.2ms)[0m  [1m[34mSELECT "ar_internal_metadata".* FROM "ar_internal_metadata" WHERE "ar_internal_metadata"."key" = ? LIMIT ?[0m  [["key", "environment"], ["LIMIT", 1]]
  [1m[36mActiveRecord::SchemaMigration Pluck (0.0ms)[0m  [1m[34mSELECT "schema_migrations"."version" FROM "schema_migrations" ORDER BY "schema_migrations"."version" ASC[0m
  [1m[36mActiveRecord::SchemaMigration Pluck (0.1ms)[0m  [1m[34mSELECT "schema_migrations"."version" FROM "schema_migrations" ORDER BY "schema_migrations"."version" ASC[0m
  [1m[36mActiveRecord::InternalMetadata Load (0.2ms)[0m  [1m[34mSELECT "ar_internal_metadata".* FROM "ar_internal_metadata" WHERE "ar_internal_metadata"."key" = ? LIMIT ?[0m  [["key", "environment"], ["LIMIT", 1]]
  [1m[36mActiveRecord::SchemaMigration Pluck (0.0ms)[0m  [1m[34mSELECT "schema_migrations"."version" FROM "schema_migrations" ORDER BY "schema_migrations"."version" ASC[0m
  [1m[36mActiveRecord::SchemaMigration Pluck (0.1ms)[0m  [1m[34mSELECT "schema_migrations"."version" FROM "schema_migrations" ORDER BY "schema_migrations"."version" ASC[0m
Migrating to CreateDummyCompanyInformation (20230618144250)
  [1m[36mActiveRecord::SchemaMigration Pluck (0.1ms)[0m  [1m[34mSELECT "schema_migrations"."version" FROM "schema_migrations" ORDER BY "schema_migrations"."version" ASC[0m
Migrating to CreateDummyCompanyInformation (20230618144250)
  [1m[35m (1.4ms)[0m  [1m[35mCREATE TABLE "dummy_company_informations" ("id" integer PRIMARY KEY AUTOINCREMENT NOT NULL, "station_g_cd" varchar, "station_name" varchar, "line_cd" varchar, "pref_cd" varchar, "address" varchar, "lon" varchar, "lat" varchar)[0m
  [1m[36mTRANSACTION (0.0ms)[0m  [1m[36mbegin transaction[0m
  â†³ lib/tasks/import.rake:31:in `block (2 levels) in <main>'
  [1m[36mDummyCompanyInformation Create (0.2ms)[0m  [1m[32mINSERT INTO "dummy_company_informations" ("station_g_cd", "station_name", "line_cd", "pref_cd", "address", "lon", "lat") VALUES (?, ?, ?, ?, ?, ?, ?)[0m  [["station_g_cd", "202709"], ["station_name", "ç…Œæ˜Ÿå•†äº‹"], ["line_cd", "ä¸Šå ´"], ["pref_cd", "ï½ºï½³ï½¾ï½²ï½¼ï½®ï½³ï½¼ï¾"], ["address", "689-1221"], ["lon", "é³¥å–çœŒé³¥å–å¸‚ç”¨ç€¬ç”ºå¤ç”¨ç€¬ï¼”ï¼•ï¼ï¼“ï¼“"], ["lat", "11,213,880"]]
  â†³ lib/tasks/import.rake:31:in `block (2 levels) in <main>'
  [1m[36mTRANSACTION (0.2ms)[0m  [1m[36mcommit transaction[0m
  â†³ lib/tasks/import.rake:31:in `block (2 levels) in <main>'
  [1m[36mTRANSACTION (0.0ms)[0m  [1m[36mbegin transaction[0m
  â†³ lib/tasks/import.rake:31:in `block (2 levels) in <main>'
  [1m[36mDummyCompanyInformation Create (0.1ms)[0m  [1m[32mINSERT INTO "dummy_company_informations" ("station_g_cd", "station_name", "line_cd", "pref_cd", "address", "lon", "lat") VALUES (?, ?, ?, ?, ?, ?, ?)[0m  [["station_g_cd", "930562"], ["station_name", "è™¹æ¶æ©‹æŠ€ç ”"], ["line_cd", "æœªä¸Šå ´"], ["pref_cd", "ï¾†ï½¼ï¾ï½¶ï½·ï½®ï½³ï½·ï¾ï½¹ï¾"], ["address", "879-0443"], ["lon", "å¤§åˆ†çœŒå®‡ä½å¸‚è‘›åŸï¼‘ï¼ï¼‘ï¼—ï¼ï¼‘"], ["lat", "10,957,511"]]
  â†³ lib/tasks/import.rake:31:in `block (2 levels) in <main>'
  [1m[36mTRANSACTION (0.2ms)[0m  [1m[36mcommit transaction[0m
  â†³ lib/tasks/import.rake:31:in `block (2 levels) in <main>'
  [1m[36mTRANSACTION (0.0ms)[0m  [1m[36mbegin transaction[0m
  â†³ lib/tasks/import.rake:31:in `block (2 levels) in <main>'
  [1m[36mDummyCompanyInformation Create (0.6ms)[0m  [1m[32mINSERT INTO "dummy_company_informations" ("station_g_cd", "station_name", "line_cd", "pref_cd", "address", "lon", "lat") VALUES (?, ?, ?, ?, ?, ?, ?)[0m  [["station_g_cd", "821518"], ["station_name", "è¼çŸ³åŒ–å­¦"], ["line_cd", "æœªä¸Šå ´"], ["pref_cd", "ï½·ï½¾ï½·ï½¶ï½¶ï¾ï½¸"], ["address", "692-0404"], ["lon", "å³¶æ ¹çœŒå®‰æ¥å¸‚åºƒç€¬ç”ºåºƒç€¬ï¼“ï¼˜ï¼’ï¼‘ï¼”"], ["lat", "31,389,171"]]
  â†³ lib/tasks/import.rake:31:in `block (2 levels) in <main>'
  [1m[36mTRANSACTION (0.2ms)[0m  [1m[36mcommit transaction[0m
  â†³ lib/tasks/import.rake:31:in `block (2 levels) in <main>'
  [1m[36mTRANSACTION (0.0ms)[0m  [1m[36mbegin transaction[0m
  â†³ lib/tasks/import.rake:31:in `block (2 levels) in <main>'
  [1m[36mDummyCompanyInformation Create (0.2ms)[0m  [1m[32mINSERT INTO "dummy_company_informations" ("station_g_cd", "station_name", "line_cd", "pref_cd", "address", "lon", "lat") VALUES (?, ?, ?, ?, ?, ?, ?)[0m  [["station_g_cd", "531851"], ["station_name", "éŠ€ç¿”é€šä¿¡"], ["line_cd", "æœªä¸Šå ´"], ["pref_cd", "ï½·ï¾ï¾ï½¼ï½®ï½³ï¾‚ï½³ï½¼ï¾"], ["address", "399-0424"], ["lon", "é•·é‡çœŒä¸Šä¼Šé‚£éƒ¡è¾°é‡ç”ºèµ¤ç¾½ï¼‘ï¼ï¼‘ï¼•ï¼ï¼–"], ["lat", "30,067,661"]]
  â†³ lib/tasks/import.rake:31:in `block (2 levels) in <main>'
  [1m[36mTRANSACTION (0.2ms)[0m  [1m[36mcommit transaction[0m
  â†³ lib/tasks/import.rake:31:in `block (2 levels) in <main>'
  [1m[36mTRANSACTION (0.0ms)[0m  [1m[36mbegin transaction[0m
  â†³ lib/tasks/import.rake:31:in `block (2 levels) in <main>'
  [1m[36mDummyCompanyInformation Create (0.1ms)[0m  [1m[32mINSERT INTO "dummy_company_informations" ("station_g_cd", "station_name", "line_cd", "pref_cd", "address", "lon", "lat") VALUES (?, ?, ?, ?, ?, ?, ?)[0m  [["station_g_cd", "841756"], ["station_name", "ç‘å®é›»æ©Ÿ"], ["line_cd", "æœªä¸Šå ´"], ["pref_cd", "ï½½ï¾ï½²ï¾ï½³ï¾ƒï¾ï¾ï½·"], ["address", "515-1502"], ["lon", "ä¸‰é‡çœŒæ¾é˜ªå¸‚é£¯é«˜ç”ºå®®å‰ï¼”ï¼”ï¼™ï¼—ï¼’"], ["lat", "32,674,778"]]
  â†³ lib/tasks/import.rake:31:in `block (2 levels) in <main>'
  [1m[36mTRANSACTION (0.2ms)[0m  [1m[36mcommit transaction[0m
  â†³ lib/tasks/import.rake:31:in `block (2 levels) in <main>'
  [1m[36mTRANSACTION (0.0ms)[0m  [1m[36mbegin transaction[0m
  â†³ lib/tasks/import.rake:31:in `block (2 levels) in <main>'
  [1m[36mDummyCompanyInformation Create (0.1ms)[0m  [1m[32mINSERT INTO "dummy_company_informations" ("station_g_cd", "station_name", "line_cd", "pref_cd", "address", "lon", "lat") VALUES (?, ?, ?, ?, ?, ?, ?)[0m  [["station_g_cd", "561768"], ["station_name", "åƒç¾½é¶´è£½ä½œæ‰€"], ["line_cd", "æœªä¸Šå ´"], ["pref_cd", "ï½¾ï¾ï¾Šï¾ï¾‚ï¾™ï½¾ï½²ï½»ï½¸ï½¼ï¾ï½®"], ["address", "220-0002"], ["lon", "ç¥å¥ˆå·çœŒæ¨ªæµœå¸‚è¥¿åŒºå—è»½äº•æ²¢ï¼”ï¼•ï¼ï¼ï¼"], ["lat", "3,961,313"]]
  â†³ lib/tasks/import.rake:31:in `block (2 levels) in <main>'
  [1m[36mTRANSACTION (0.2ms)[0m  [1m[36mcommit transaction[0m
  â†³ lib/tasks/import.rake:31:in `block (2 levels) in <main>'
  [1m[36mTRANSACTION (0.0ms)[0m  [1m[36mbegin transaction[0m
  â†³ lib/tasks/import.rake:31:in `block (2 levels) in <main>'
  [1m[36mDummyCompanyInformation Create (0.1ms)[0m  [1m[32mINSERT INTO "dummy_company_informations" ("station_g_cd", "station_name", "line_cd", "pref_cd", "address", "lon", "lat") VALUES (?, ?, ?, ?, ?, ?, ?)[0m  [["station_g_cd", "993327"], ["station_name", "ç´…è‘‰æƒ…å ±ã‚·ã‚¹ãƒ†ãƒ ã‚º"], ["line_cd", "æœªä¸Šå ´"], ["pref_cd", "ï½ºï½³ï¾–ï½³ï½¼ï¾ï½®ï½³ï¾ï½³ï½¼ï½½ï¾ƒï¾‘ï½½ï¾"], ["address", "689-1466"], ["lon", "é³¥å–çœŒå…«é ­éƒ¡æ™ºé ­ç”ºæ³¢å¤šï¼“ï¼–ï¼™ï¼™ï¼™"], ["lat", "10,775,753"]]
  â†³ lib/tasks/import.rake:31:in `block (2 levels) in <main>'
  [1m[36mTRANSACTION (0.2ms)[0m  [1m[36mcommit transaction[0m
  â†³ lib/tasks/import.rake:31:in `block (2 levels) in <main>'
  [1m[36mTRANSACTION (0.0ms)[0m  [1m[36mbegin transaction[0m
  â†³ lib/tasks/import.rake:31:in `block (2 levels) in <main>'
  [1m[36mDummyCompanyInformation Create (0.1ms)[0m  [1m[32mINSERT INTO "dummy_company_informations" ("station_g_cd", "station_name", "line_cd", "pref_cd", "address", "lon", "lat") VALUES (?, ?, ?, ?, ?, ?, ?)[0m  [["station_g_cd", "241757"], ["station_name", "ç™½è™¹é›»æ°—"], ["line_cd", "ä¸Šå ´"], ["pref_cd", "ï¾Šï½¸ï½ºï½³ï¾ƒï¾ï¾ï½·"], ["address", "188-0011"], ["lon", "æ±äº¬éƒ½è¥¿æ±äº¬å¸‚ç”°ç„¡ç”ºï¼“ï¼—ï¼‘ï¼—ï¼•ãƒ•ã‚©ãƒ¬ã‚¹ãƒˆç”°ç„¡ç”ºï¼“ï¼‘ï¼”"], ["lat", "50,343,197"]]
  â†³ lib/tasks/import.rake:31:in `block (2 levels) in <main>'
  [1m[36mTRANSACTION (0.2ms)[0m  [1m[36mcommit transaction[0m
  â†³ lib/tasks/import.rake:31:in `block (2 levels) in <main>'
  [1m[36mTRANSACTION (0.0ms)[0m  [1m[36mbegin transaction[0m
  â†³ lib/tasks/import.rake:31:in `block (2 levels) in <main>'
  [1m[36mDummyCompanyInformation Create (0.1ms)[0m  [1m[32mINSERT INTO "dummy_company_informations" ("station_g_cd", "station_name", "line_cd", "pref_cd", "address", "lon", "lat") VALUES (?, ?, ?, ?, ?, ?, ?)[0m  [["station_g_cd", "804472"], ["station_name", "ç™¾ç¦ç‰©ç”£"], ["line_cd", "ä¸Šå ´"], ["pref_cd", "ï¾‹ï½¬ï½¸ï¾Œï½¸ï¾Œï¾ï½¯ï½»ï¾"], ["address", "761-1616"], ["lon", "é¦™å·çœŒé«˜æ¾å¸‚è…æ²¢ç”ºï¼“ï¼ï¼‘ï¼”ï¼ï¼–"], ["lat", "1,240,747"]]
  â†³ lib/tasks/import.rake:31:in `block (2 levels) in <main>'
  [1m[36mTRANSACTION (0.2ms)[0m  [1m[36mcommit transaction[0m
  â†³ lib/tasks/import.rake:31:in `block (2 levels) in <main>'
  [1m[36mTRANSACTION (0.0ms)[0m  [1m[36mbegin transaction[0m
  â†³ lib/tasks/import.rake:31:in `block (2 levels) in <main>'
  [1m[36mDummyCompanyInformation Create (0.1ms)[0m  [1m[32mINSERT INTO "dummy_company_informations" ("station_g_cd", "station_name", "line_cd", "pref_cd", "address", "lon", "lat") VALUES (?, ?, ?, ?, ?, ?, ?)[0m  [["station_g_cd", "170412"], ["station_name", "å…‰è¼ç·åˆç—…é™¢"], ["line_cd", "ä¸Šå ´"], ["pref_cd", "ï½ºï½³ï½·ï½¿ï½³ï½ºï¾ï½³ï¾‹ï¾ï½®ï½³ï½²ï¾"], ["address", "896-0075"], ["lon", "é¹¿å…å³¶çœŒã„ã¡ãä¸²æœ¨é‡å¸‚é‡‘å±±ï¼”ï¼ï¼’ï¼ï¼ï¼‘"], ["lat", "19,118,813"]]
  â†³ lib/tasks/import.rake:31:in `block (2 levels) in <main>'
  [1m[36mTRANSACTION (0.2ms)[0m  [1m[36mcommit transaction[0m
  â†³ lib/tasks/import.rake:31:in `block (2 levels) in <main>'
  [1m[36mTRANSACTION (0.0ms)[0m  [1m[36mbegin transaction[0m
  â†³ lib/tasks/import.rake:31:in `block (2 levels) in <main>'
  [1m[36mDummyCompanyInformation Create (0.1ms)[0m  [1m[32mINSERT INTO "dummy_company_informations" ("station_g_cd", "station_name", "line_cd", "pref_cd", "address", "lon", "lat") VALUES (?, ?, ?, ?, ?, ?, ?)[0m  [["station_g_cd", "193404"], ["station_name", "æ¡œèŠ±è£½è–¬"], ["line_cd", "æœªä¸Šå ´"], ["pref_cd", "ï½»ï½¸ï¾—ï½¶ï½¾ï½²ï¾”ï½¸"], ["address", "038-0054"], ["lon", "é’æ£®çœŒé’æ£®å¸‚å¥¥å†…ï¼”ï¼”ï¼™ï¼“ï¼•å¥¥å†…ãƒ—ãƒ©ã‚¶ï¼”ï¼ï¼—"], ["lat", "3,757,346"]]
  â†³ lib/tasks/import.rake:31:in `block (2 levels) in <main>'
  [1m[36mTRANSACTION (0.2ms)[0m  [1m[36mcommit transaction[0m
  â†³ lib/tasks/import.rake:31:in `block (2 levels) in <main>'
  [1m[36mTRANSACTION (0.0ms)[0m  [1m[36mbegin transaction[0m
  â†³ lib/tasks/import.rake:31:in `block (2 levels) in <main>'
  [1m[36mDummyCompanyInformation Create (0.1ms)[0m  [1m[32mINSERT INTO "dummy_company_informations" ("station_g_cd", "station_name", "line_cd", "pref_cd", "address", "lon", "lat") VALUES (?, ?, ?, ?, ?, ?, ?)[0m  [["station_g_cd", "976311"], ["station_name", "é³³å‡°é‡‘å±"], ["line_cd", "æœªä¸Šå ´"], ["pref_cd", "ï¾ï½³ï½µï½³ï½·ï¾ï½¿ï¾ï½¸"], ["address", "668-0863"], ["lon", "å…µåº«çœŒè±Šå²¡å¸‚ä¸Šé‰¢å±±ï¼’ï¼ï¼’ï¼ï¼ï¼‘ï¼’"], ["lat", "32,364,939"]]
  â†³ lib/tasks/import.rake:31:in `block (2 levels) in <main>'
  [1m[36mTRANSACTION (0.2ms)[0m  [1m[36mcommit transaction[0m
  â†³ lib/tasks/import.rake:31:in `block (2 levels) in <main>'
  [1m[36mTRANSACTION (0.0ms)[0m  [1m[36mbegin transaction[0m
  â†³ lib/tasks/import.rake:31:in `block (2 levels) in <main>'
  [1m[36mDummyCompanyInformation Create (0.1ms)[0m  [1m[32mINSERT INTO "dummy_company_informations" ("station_g_cd", "station_name", "line_cd", "pref_cd", "address", "lon", "lat") VALUES (?, ?, ?, ?, ?, ?, ?)[0m  [["station_g_cd", "852353"], ["station_name", "æµæ˜Ÿæƒ…å ±é€šä¿¡"], ["line_cd", "ä¸Šå ´"], ["pref_cd", "ï¾˜ï½­ï½³ï½¾ï½²ï½¼ï¾ï½®ï½³ï¾ï½³ï¾‚ï½³ï½¼ï¾"], ["address", "919-0526"], ["lon", "ç¦äº•çœŒå‚äº•å¸‚å‚äº•ç”ºä¸Šå…µåº«ï¼”ï¼•ï¼ï¼’ï¼“å‚äº•ç”ºä¸Šå…µåº«ãƒã‚¦ã‚¹ï¼”ï¼ï¼"], ["lat", "9,310,929"]]
  â†³ lib/tasks/import.rake:31:in `block (2 levels) in <main>'
  [1m[36mTRANSACTION (0.2ms)[0m  [1m[36mcommit transaction[0m
  â†³ lib/tasks/import.rake:31:in `block (2 levels) in <main>'
  [1m[36mTRANSACTION (0.0ms)[0m  [1m[36mbegin transaction[0m
  â†³ lib/tasks/import.rake:31:in `block (2 levels) in <main>'
  [1m[36mDummyCompanyInformation Create (0.1ms)[0m  [1m[32mINSERT INTO "dummy_company_informations" ("station_g_cd", "station_name", "line_cd", "pref_cd", "address", "lon", "lat") VALUES (?, ?, ?, ?, ?, ?, ?)[0m  [["station_g_cd", "619971"], ["station_name", "æ±æ–¹é›»å­"], ["line_cd", "ä¸Šå ´"], ["pref_cd", "ï¾„ï½³ï¾ï½³ï¾ƒï¾ï¾ï½¼"], ["address", "929-0302"], ["lon", "çŸ³å·çœŒæ²³åŒ—éƒ¡æ´¥å¹¡ç”ºæœ¨ãƒçªªï¼“ï¼—ï¼ï¼’ï¼™"], ["lat", "31,535,195"]]
  â†³ lib/tasks/import.rake:31:in `block (2 levels) in <main>'
  [1m[36mTRANSACTION (0.2ms)[0m  [1m[36mcommit transaction[0m
  â†³ lib/tasks/import.rake:31:in `block (2 levels) in <main>'
  [1m[36mTRANSACTION (0.0ms)[0m  [1m[36mbegin transaction[0m
  â†³ lib/tasks/import.rake:31:in `block (2 levels) in <main>'
  [1m[36mDummyCompanyInformation Create (0.1ms)[0m  [1m[32mINSERT INTO "dummy_company_informations" ("station_g_cd", "station_name", "line_cd", "pref_cd", "address", "lon", "lat") VALUES (?, ?, ?, ?, ?, ?, ?)[0m  [["station_g_cd", "330246"], ["station_name", "é‡‘ç…å­å•†äº‹"], ["line_cd", "æœªä¸Šå ´"], ["pref_cd", "ï½·ï¾ï½¼ï½¼ï½¼ï½®ï½³ï½¼ï¾"], ["address", "339-0023"], ["lon", "åŸ¼ç‰çœŒã•ã„ãŸã¾å¸‚å²©æ§»åŒºé‡å­«ï¼“ï¼—ï¼˜ï¼“ï¼”ã‚¬ãƒ¼ãƒ‡ãƒ³é‡å­«ï¼‘ï¼ï¼‘"], ["lat", "67,027,372"]]
  â†³ lib/tasks/import.rake:31:in `block (2 levels) in <main>'
  [1m[36mTRANSACTION (0.2ms)[0m  [1m[36mcommit transaction[0m
  â†³ lib/tasks/import.rake:31:in `block (2 levels) in <main>'
  [1m[36mTRANSACTION (0.0ms)[0m  [1m[36mbegin transaction[0m
  â†³ lib/tasks/import.rake:31:in `block (2 levels) in <main>'
  [1m[36mDummyCompanyInformation Create (0.1ms)[0m  [1m[32mINSERT INTO "dummy_company_informations" ("station_g_cd", "station_name", "line_cd", "pref_cd", "address", "lon", "lat") VALUES (?, ?, ?, ?, ?, ?, ?)[0m  [["station_g_cd", "316939"], ["station_name", "éŠ€é³©èˆˆç”£"], ["line_cd", "ä¸Šå ´"], ["pref_cd", "ï½·ï¾ï¾ï¾Šï¾„ï½³ï½ºï½³ï½»ï¾"], ["address", "590-0957"], ["lon", "å¤§é˜ªåºœå ºå¸‚å ºåŒºä¸­ä¹‹ç”ºè¥¿ï¼”ï¼ï¼’ï¼ï¼ï¼‘"], ["lat", "15,700,089"]]
  â†³ lib/tasks/import.rake:31:in `block (2 levels) in <main>'
  [1m[36mTRANSACTION (0.2ms)[0m  [1m[36mcommit transaction[0m
  â†³ lib/tasks/import.rake:31:in `block (2 levels) in <main>'
  [1m[36mTRANSACTION (0.0ms)[0m  [1m[36mbegin transaction[0m
  â†³ lib/tasks/import.rake:31:in `block (2 levels) in <main>'
  [1m[36mDummyCompanyInformation Create (0.1ms)[0m  [1m[32mINSERT INTO "dummy_company_informations" ("station_g_cd", "station_name", "line_cd", "pref_cd", "address", "lon", "lat") VALUES (?, ?, ?, ?, ?, ?, ?)[0m  [["station_g_cd", "151277"], ["station_name", "è™¹å½©ã‚¨ãƒ³ã‚¸ãƒ‹ã‚¢ãƒªãƒ³ã‚°"], ["line_cd", "ä¸Šå ´"], ["pref_cd", "ï½ºï½³ï½»ï½²ï½´ï¾ï½¼ï¾ï¾†ï½±ï¾˜ï¾ï½¸ï¾"], ["address", "562-0046"], ["lon", "å¤§é˜ªåºœç®•é¢å¸‚æ¡œã‚±ä¸˜ï¼“ï¼˜ï¼‘ï¼•ï¼˜"], ["lat", "16,123,952"]]
  â†³ lib/tasks/import.rake:31:in `block (2 levels) in <main>'
  [1m[36mTRANSACTION (0.2ms)[0m  [1m[36mcommit transaction[0m
  â†³ lib/tasks/import.rake:31:in `block (2 levels) in <main>'
  [1m[36mTRANSACTION (0.0ms)[0m  [1m[36mbegin transaction[0m
  â†³ lib/tasks/import.rake:31:in `block (2 levels) in <main>'
  [1m[36mDummyCompanyInformation Create (0.1ms)[0m  [1m[32mINSERT INTO "dummy_company_informations" ("station_g_cd", "station_name", "line_cd", "pref_cd", "address", "lon", "lat") VALUES (?, ?, ?, ?, ?, ?, ?)[0m  [["station_g_cd", "605984"], ["station_name", "åƒä»£ç”°ç‰©æµ"], ["line_cd", "ä¸Šå ´"], ["pref_cd", "ï¾ï¾–ï¾€ï¾ï¾Œï¾ï¾‚ï¾˜ï½­ï½³"], ["address", "719-3126"], ["lon", "å²¡å±±çœŒçœŸåº­å¸‚å‘æ´¥çŸ¢ï¼”ï¼”ï¼™ï¼™ï¼–"], ["lat", "15,480,637"]]
  â†³ lib/tasks/import.rake:31:in `block (2 levels) in <main>'
  [1m[36mTRANSACTION (0.2ms)[0m  [1m[36mcommit transaction[0m
  â†³ lib/tasks/import.rake:31:in `block (2 levels) in <main>'
  [1m[36mTRANSACTION (0.0ms)[0m  [1m[36mbegin transaction[0m
  â†³ lib/tasks/import.rake:31:in `block (2 levels) in <main>'
  [1m[36mDummyCompanyInformation Create (0.1ms)[0m  [1m[32mINSERT INTO "dummy_company_informations" ("station_g_cd", "station_name", "line_cd", "pref_cd", "address", "lon", "lat") VALUES (?, ?, ?, ?, ?, ?, ?)[0m  [["station_g_cd", "891183"], ["station_name", "ä¸‰å…‰ç¹Šç¶­"], ["line_cd", "ä¸Šå ´"], ["pref_cd", "ï½»ï¾ï½ºï½³ï½¾ï¾ï½²"], ["address", "327-0842"], ["lon", "æ ƒæœ¨çœŒä½é‡å¸‚å¥ˆè‰¯æ¸•ç”ºï¼“ï¼—ï¼“ï¼™ï¼‘å¥ˆè‰¯æ¸•ç”ºã‚­ãƒ£ãƒƒã‚¹ãƒ«ï¼‘ï¼‘ï¼”"], ["lat", "39,029,169"]]
  â†³ lib/tasks/import.rake:31:in `block (2 levels) in <main>'
  [1m[36mTRANSACTION (0.2ms)[0m  [1m[36mcommit transaction[0m
  â†³ lib/tasks/import.rake:31:in `block (2 levels) in <main>'
  [1m[36mTRANSACTION (0.0ms)[0m  [1m[36mbegin transaction[0m
  â†³ lib/tasks/import.rake:31:in `block (2 levels) in <main>'
  [1m[36mDummyCompanyInformation Create (0.1ms)[0m  [1m[32mINSERT INTO "dummy_company_informations" ("station_g_cd", "station_name", "line_cd", "pref_cd", "address", "lon", "lat") VALUES (?, ?, ?, ?, ?, ?, ?)[0m  [["station_g_cd", "138779"], ["station_name", "ä¸€çœŸå ‚æ›¸åº—"], ["line_cd", "æœªä¸Šå ´"], ["pref_cd", "ï½²ï½¯ï½¼ï¾ï¾„ï¾ï½³ï½¼ï½®ï¾ƒï¾"], ["address", "794-2541"], ["lon", "æ„›åª›çœŒè¶Šæ™ºéƒ¡ä¸Šå³¶ç”ºé­šå³¶äºŒç•ªè€•åœ°ï¼“ï¼˜ï¼’ï¼—ï¼’"], ["lat", "386,101"]]
  â†³ lib/tasks/import.rake:31:in `block (2 levels) in <main>'
  [1m[36mTRANSACTION (0.2ms)[0m  [1m[36mcommit transaction[0m
  â†³ lib/tasks/import.rake:31:in `block (2 levels) in <main>'
  [1m[36mTRANSACTION (0.0ms)[0m  [1m[36mbegin transaction[0m
  â†³ lib/tasks/import.rake:31:in `block (2 levels) in <main>'
  [1m[36mDummyCompanyInformation Create (0.1ms)[0m  [1m[32mINSERT INTO "dummy_company_informations" ("station_g_cd", "station_name", "line_cd", "pref_cd", "address", "lon", "lat") VALUES (?, ?, ?, ?, ?, ?, ?)[0m  [["station_g_cd", "970062"], ["station_name", "æ˜­å’Œé›»æ©Ÿå·¥æ¥­"], ["line_cd", "ä¸Šå ´"], ["pref_cd", "ï½¼ï½®ï½³ï¾œï¾ƒï¾ï¾ï½·ï½ºï½³ï½·ï¾ï½®ï½³"], ["address", "108-0073"], ["lon", "æ±äº¬éƒ½æ¸¯åŒºä¸‰ç”°ï¼‘ï¼ï¼‘ï¼˜ï¼ï¼‘ï¼”ä¸‰ç”°ãƒãƒ³ã‚·ãƒ§ãƒ³ï¼”ï¼‘ï¼–"], ["lat", "1,899,826"]]
  â†³ lib/tasks/import.rake:31:in `block (2 levels) in <main>'
  [1m[36mTRANSACTION (0.2ms)[0m  [1m[36mcommit transaction[0m
  â†³ lib/tasks/import.rake:31:in `block (2 levels) in <main>'
  [1m[36mTRANSACTION (0.0ms)[0m  [1m[36mbegin transaction[0m
  â†³ lib/tasks/import.rake:31:in `block (2 levels) in <main>'
  [1m[36mDummyCompanyInformation Create (0.1ms)[0m  [1m[32mINSERT INTO "dummy_company_informations" ("station_g_cd", "station_name", "line_cd", "pref_cd", "address", "lon", "lat") VALUES (?, ?, ?, ?, ?, ?, ?)[0m  [["station_g_cd", "157605"], ["station_name", "è¥¿å±±å•†äº‹"], ["line_cd", "æœªä¸Šå ´"], ["pref_cd", "ï¾†ï½¼ï¾”ï¾ï½¼ï½®ï½³ï½¼ï¾"], ["address", "966-0921"], ["lon", "ç¦å³¶çœŒå–œå¤šæ–¹å¸‚æ…¶å¾³ç”ºæ¾èˆå®¶ï¼“ï¼ï¼‘ï¼”ï¼ï¼‘ï¼“"], ["lat", "18,659,990"]]
  â†³ lib/tasks/import.rake:31:in `block (2 levels) in <main>'
  [1m[36mTRANSACTION (0.2ms)[0m  [1m[36mcommit transaction[0m
  â†³ lib/tasks/import.rake:31:in `block (2 levels) in <main>'
  [1m[36mTRANSACTION (0.0ms)[0m  [1m[36mbegin transaction[0m
  â†³ lib/tasks/import.rake:31:in `block (2 levels) in <main>'
  [1m[36mDummyCompanyInformation Create (0.1ms)[0m  [1m[32mINSERT INTO "dummy_company_informations" ("station_g_cd", "station_name", "line_cd", "pref_cd", "address", "lon", "lat") VALUES (?, ?, ?, ?, ?, ?, ?)[0m  [["station_g_cd", "666817"], ["station_name", "åŒ—åœ’ç‰©ç”£"], ["line_cd", "ä¸Šå ´"], ["pref_cd", "ï½·ï¾€ï½¿ï¾‰ï¾Œï¾ï½¯ï½»ï¾"], ["address", "365-0066"], ["lon", "åŸ¼ç‰çœŒé´»å·£å¸‚ä¸‰ãƒ„æœ¨ï¼’ï¼ï¼‘ï¼˜ï¼ï¼‘ï¼˜ãƒ€ã‚¤ãƒ¤ãƒ¢ãƒ³ãƒ‰ä¸‰ãƒ„æœ¨ï¼‘ï¼ï¼“"], ["lat", "31,280,067"]]
  â†³ lib/tasks/import.rake:31:in `block (2 levels) in <main>'
  [1m[36mTRANSACTION (0.2ms)[0m  [1m[36mcommit transaction[0m
  â†³ lib/tasks/import.rake:31:in `block (2 levels) in <main>'
  [1m[36mTRANSACTION (0.0ms)[0m  [1m[36mbegin transaction[0m
  â†³ lib/tasks/import.rake:31:in `block (2 levels) in <main>'
  [1m[36mDummyCompanyInformation Create (0.1ms)[0m  [1m[32mINSERT INTO "dummy_company_informations" ("station_g_cd", "station_name", "line_cd", "pref_cd", "address", "lon", "lat") VALUES (?, ?, ?, ?, ?, ?, ?)[0m  [["station_g_cd", "462874"], ["station_name", "å—é¢¨è²¿æ˜“"], ["line_cd", "ä¸Šå ´"], ["pref_cd", "ï¾ï¾…ï¾ï½¶ï½¾ï¾ï¾ï¾ï½³ï½´ï½·"], ["address", "417-0834"], ["lon", "é™å²¡çœŒå¯Œå£«å¸‚è¥¿æŸåŸæ–°ç”°ï¼“ï¼—ï¼”ï¼”ï¼–"], ["lat", "30,935,136"]]
  â†³ lib/tasks/import.rake:31:in `block (2 levels) in <main>'
  [1m[36mTRANSACTION (0.2ms)[0m  [1m[36mcommit transaction[0m
  â†³ lib/tasks/import.rake:31:in `block (2 levels) in <main>'
  [1m[36mTRANSACTION (0.0ms)[0m  [1m[36mbegin transaction[0m
  â†³ lib/tasks/import.rake:31:in `block (2 levels) in <main>'
  [1m[36mDummyCompanyInformation Create (0.1ms)[0m  [1m[32mINSERT INTO "dummy_company_informations" ("station_g_cd", "station_name", "line_cd", "pref_cd", "address", "lon", "lat") VALUES (?, ?, ?, ?, ?, ?, ?)[0m  [["station_g_cd", "655322"], ["station_name", "æ±äº¬ãƒ‘ã‚¤ãƒ—"], ["line_cd", "ä¸Šå ´"], ["pref_cd", "ï¾„ï½³ï½·ï½®ï½³ï¾Šï¾Ÿï½²ï¾Œï¾Ÿ"], ["address", "515-2513"], ["lon", "ä¸‰é‡çœŒæ´¥å¸‚ä¸€å¿—ç”ºè™¹ãŒä¸˜ï¼’ï¼ï¼‘ï¼˜ï¼ï¼˜ä¸€å¿—ç”ºè™¹ãŒä¸˜ãƒ¬ã‚¸ãƒ‡ãƒ³ã‚¹ï¼”ï¼‘ï¼”"], ["lat", "57,625,474"]]
  â†³ lib/tasks/import.rake:31:in `block (2 levels) in <main>'
  [1m[36mTRANSACTION (0.2ms)[0m  [1m[36mcommit transaction[0m
  â†³ lib/tasks/import.rake:31:in `block (2 levels) in <main>'
  [1m[36mTRANSACTION (0.0ms)[0m  [1m[36mbegin transaction[0m
  â†³ lib/tasks/import.rake:31:in `block (2 levels) in <main>'
  [1m[36mDummyCompanyInformation Create (0.1ms)[0m  [1m[32mINSERT INTO "dummy_company_informations" ("station_g_cd", "station_name", "line_cd", "pref_cd", "address", "lon", "lat") VALUES (?, ?, ?, ?, ?, ?, ?)[0m  [["station_g_cd", "255653"], ["station_name", "æœˆå…‰ç™¾è²¨åº—"], ["line_cd", "ä¸Šå ´"], ["pref_cd", "ï½¹ï¾ï¾‚ï½ºï½³ï¾‹ï½¬ï½¯ï½¶ï¾ƒï¾"], ["address", "716-0024"], ["lon", "å²¡å±±çœŒé«˜æ¢å¸‚å¤§å·¥ç”ºï¼”ï¼”ï¼™ï¼–ï¼“"], ["lat", "29,224,614"]]
  â†³ lib/tasks/import.rake:31:in `block (2 levels) in <main>'
  [1m[36mTRANSACTION (0.2ms)[0m  [1m[36mcommit transaction[0m
  â†³ lib/tasks/import.rake:31:in `block (2 levels) in <main>'
  [1m[36mTRANSACTION (0.0ms)[0m  [1m[36mbegin transaction[0m
  â†³ lib/tasks/import.rake:31:in `block (2 levels) in <main>'
  [1m[36mDummyCompanyInformation Create (0.1ms)[0m  [1m[32mINSERT INTO "dummy_company_informations" ("station_g_cd", "station_name", "line_cd", "pref_cd", "address", "lon", "lat") VALUES (?, ?, ?, ?, ?, ?, ?)[0m  [["station_g_cd", "853523"], ["station_name", "æ˜Ÿæµ·èˆˆæ¥­"], ["line_cd", "æœªä¸Šå ´"], ["pref_cd", "ï½¾ï½²ï½¶ï½²ï½ºï½³ï½·ï¾ï½®ï½³"], ["address", "637-1105"], ["lon", "å¥ˆè‰¯çœŒå‰é‡éƒ¡åæ´¥å·æ‘æ—ï¼“ï¼˜ï¼‘ï¼‘ï¼•æ—ãƒ—ãƒ¬ã‚¤ã‚¹ï¼’ï¼ï¼–"], ["lat", "61,177,468"]]
  â†³ lib/tasks/import.rake:31:in `block (2 levels) in <main>'
  [1m[36mTRANSACTION (0.2ms)[0m  [1m[36mcommit transaction[0m
  â†³ lib/tasks/import.rake:31:in `block (2 levels) in <main>'
  [1m[36mTRANSACTION (0.0ms)[0m  [1m[36mbegin transaction[0m
  â†³ lib/tasks/import.rake:31:in `block (2 levels) in <main>'
  [1m[36mDummyCompanyInformation Create (0.1ms)[0m  [1m[32mINSERT INTO "dummy_company_informations" ("station_g_cd", "station_name", "line_cd", "pref_cd", "address", "lon", "lat") VALUES (?, ?, ?, ?, ?, ?, ?)[0m  [["station_g_cd", "194826"], ["station_name", "é³³æ¥ç”£æ¥­"], ["line_cd", "æœªä¸Šå ´"], ["pref_cd", "ï¾ï½³ï¾—ï½²ï½»ï¾ï½·ï¾ï½®ï½³"], ["address", "921-8122"], ["lon", "çŸ³å·çœŒé‡‘æ²¢å¸‚æ¸…ç€¬ç”ºï¼’ï¼ï¼‘ï¼•ï¼ï¼’"], ["lat", "6,378,560"]]
  â†³ lib/tasks/import.rake:31:in `block (2 levels) in <main>'
  [1m[36mTRANSACTION (0.3ms)[0m  [1m[36mcommit transaction[0m
  â†³ lib/tasks/import.rake:31:in `block (2 levels) in <main>'
  [1m[36mTRANSACTION (0.0ms)[0m  [1m[36mbegin transaction[0m
  â†³ lib/tasks/import.rake:31:in `block (2 levels) in <main>'
  [1m[36mDummyCompanyInformation Create (0.1ms)[0m  [1m[32mINSERT INTO "dummy_company_informations" ("station_g_cd", "station_name", "line_cd", "pref_cd", "address", "lon", "lat") VALUES (?, ?, ?, ?, ?, ?, ?)[0m  [["station_g_cd", "344113"], ["station_name", "ç·‘é¢¨å»ºè¨­"], ["line_cd", "æœªä¸Šå ´"], ["pref_cd", "ï¾ï¾„ï¾ï¾˜ï½¶ï½¾ï¾ï½¹ï¾ï½¾ï¾‚"], ["address", "649-7114"], ["lon", "å’Œæ­Œå±±çœŒä¼Šéƒ½éƒ¡ã‹ã¤ã‚‰ãç”ºè¥¿é£¯é™ï¼”ï¼ï¼‘ï¼—ï¼ï¼‘ï¼ãƒ­ã‚¤ãƒ¤ãƒ«ãƒ‘ãƒ¬ã‚¹è¥¿é£¯é™ï¼“ï¼ï¼"], ["lat", "96,663,278"]]
  â†³ lib/tasks/import.rake:31:in `block (2 levels) in <main>'
  [1m[36mTRANSACTION (0.3ms)[0m  [1m[36mcommit transaction[0m
  â†³ lib/tasks/import.rake:31:in `block (2 levels) in <main>'
  [1m[36mTRANSACTION (0.0ms)[0m  [1m[36mbegin transaction[0m
  â†³ lib/tasks/import.rake:31:in `block (2 levels) in <main>'
  [1m[36mDummyCompanyInformation Create (0.1ms)[0m  [1m[32mINSERT INTO "dummy_company_informations" ("station_g_cd", "station_name", "line_cd", "pref_cd", "address", "lon", "lat") VALUES (?, ?, ?, ?, ?, ?, ?)[0m  [["station_g_cd", "202728"], ["station_name", "å¤§å’ŒéŠ€è¡Œ"], ["line_cd", "ä¸Šå ´"], ["pref_cd", "ï¾€ï¾ï½²ï¾œï½·ï¾ï¾ï½ºï½³"], ["address", "936-0811"], ["lon", "å¯Œå±±çœŒæ»‘å·å¸‚å¤§æµ¦ï¼”ï¼”ï¼™ï¼–ï¼—ãƒ†ãƒ©ã‚¹å¤§æµ¦ï¼’ï¼‘ï¼’"], ["lat", "14,491,979"]]
  â†³ lib/tasks/import.rake:31:in `block (2 levels) in <main>'
  [1m[36mTRANSACTION (0.3ms)[0m  [1m[36mcommit transaction[0m
  â†³ lib/tasks/import.rake:31:in `block (2 levels) in <main>'
  [1m[36mTRANSACTION (0.0ms)[0m  [1m[36mbegin transaction[0m
  â†³ lib/tasks/import.rake:31:in `block (2 levels) in <main>'
  [1m[36mDummyCompanyInformation Create (0.1ms)[0m  [1m[32mINSERT INTO "dummy_company_informations" ("station_g_cd", "station_name", "line_cd", "pref_cd", "address", "lon", "lat") VALUES (?, ?, ?, ?, ?, ?, ?)[0m  [["station_g_cd", "607139"], ["station_name", "è™¹å·å•†äº‹"], ["line_cd", "æœªä¸Šå ´"], ["pref_cd", "ï¾†ï½¼ï¾ï½¶ï¾œï½¼ï½®ï½³ï½¼ï¾"], ["address", "620-0967"], ["lon", "äº¬éƒ½åºœç¦çŸ¥å±±å¸‚ç•‘ä¸­ï¼”ï¼ï¼‘ï¼”ï¼ï¼‘"], ["lat", "864,872"]]
  â†³ lib/tasks/import.rake:31:in `block (2 levels) in <main>'
  [1m[36mTRANSACTION (0.3ms)[0m  [1m[36mcommit transaction[0m
  â†³ lib/tasks/import.rake:31:in `block (2 levels) in <main>'
  [1m[36mTRANSACTION (0.0ms)[0m  [1m[36mbegin transaction[0m
  â†³ lib/tasks/import.rake:31:in `block (2 levels) in <main>'
  [1m[36mDummyCompanyInformation Create (0.1ms)[0m  [1m[32mINSERT INTO "dummy_company_informations" ("station_g_cd", "station_name", "line_cd", "pref_cd", "address", "lon", "lat") VALUES (?, ?, ?, ?, ?, ?, ?)[0m  [["station_g_cd", "625571"], ["station_name", "æ¡œåº­ç‰©ç”£"], ["line_cd", "ä¸Šå ´"], ["pref_cd", "ï½»ï½¸ï¾—ï¾Šï¾ï¾Œï¾ï½¯ï½»ï¾"], ["address", "518-1401"], ["lon", "ä¸‰é‡çœŒä¼Šè³€å¸‚åƒæˆ¸ï¼”ï¼”ï¼™ï¼—ï¼–ã‚´ãƒ¼ãƒ«ãƒ‡ãƒ³åƒæˆ¸ï¼‘ï¼‘ï¼•"], ["lat", "9,777,091"]]
  â†³ lib/tasks/import.rake:31:in `block (2 levels) in <main>'
  [1m[36mTRANSACTION (0.2ms)[0m  [1m[36mcommit transaction[0m
  â†³ lib/tasks/import.rake:31:in `block (2 levels) in <main>'
  [1m[36mTRANSACTION (0.0ms)[0m  [1m[36mbegin transaction[0m
  â†³ lib/tasks/import.rake:31:in `block (2 levels) in <main>'
  [1m[36mDummyCompanyInformation Create (0.1ms)[0m  [1m[32mINSERT INTO "dummy_company_informations" ("station_g_cd", "station_name", "line_cd", "pref_cd", "address", "lon", "lat") VALUES (?, ?, ?, ?, ?, ?, ?)[0m  [["station_g_cd", "121717"], ["station_name", "é™½å…‰éŠ€è¡Œ"], ["line_cd", "æœªä¸Šå ´"], ["pref_cd", "ï¾–ï½³ï½ºï½³ï½·ï¾ï¾ï½ºï½³"], ["address", "817-1412"], ["lon", "é•·å´çœŒå¯¾é¦¬å¸‚å³°ç”ºä½è³€ï¼‘ï¼ï¼‘ï¼”ï¼ï¼•"], ["lat", "41,825,299"]]
  â†³ lib/tasks/import.rake:31:in `block (2 levels) in <main>'
  [1m[36mTRANSACTION (0.3ms)[0m  [1m[36mcommit transaction[0m
  â†³ lib/tasks/import.rake:31:in `block (2 levels) in <main>'
  [1m[36mTRANSACTION (0.0ms)[0m  [1m[36mbegin transaction[0m
  â†³ lib/tasks/import.rake:31:in `block (2 levels) in <main>'
  [1m[36mDummyCompanyInformation Create (0.2ms)[0m  [1m[32mINSERT INTO "dummy_company_informations" ("station_g_cd", "station_name", "line_cd", "pref_cd", "address", "lon", "lat") VALUES (?, ?, ?, ?, ?, ?, ?)[0m  [["station_g_cd", "840039"], ["station_name", "åé–€è£½ç´™"], ["line_cd", "ä¸Šå ´"], ["pref_cd", "ï¾’ï½²ï¾“ï¾ï½¾ï½²ï½¼"], ["address", "936-0811"], ["lon", "å¯Œå±±çœŒæ»‘å·å¸‚å¤§æµ¦ï¼“ï¼ï¼‘ï¼“ï¼ï¼‘ï¼“"], ["lat", "24,114,691"]]
  â†³ lib/tasks/import.rake:31:in `block (2 levels) in <main>'
  [1m[36mTRANSACTION (0.2ms)[0m  [1m[36mcommit transaction[0m
  â†³ lib/tasks/import.rake:31:in `block (2 levels) in <main>'
  [1m[36mTRANSACTION (0.0ms)[0m  [1m[36mbegin transaction[0m
  â†³ lib/tasks/import.rake:31:in `block (2 levels) in <main>'
  [1m[36mDummyCompanyInformation Create (0.1ms)[0m  [1m[32mINSERT INTO "dummy_company_informations" ("station_g_cd", "station_name", "line_cd", "pref_cd", "address", "lon", "lat") VALUES (?, ?, ?, ?, ?, ?, ?)[0m  [["station_g_cd", "474508"], ["station_name", "æ–°æ˜Ÿé›»å­"], ["line_cd", "æœªä¸Šå ´"], ["pref_cd", "ï½¼ï¾ï½¾ï½²ï¾ƒï¾ï¾ï½¼"], ["address", "624-0118"], ["lon", "äº¬éƒ½åºœèˆé¶´å¸‚è¥¿æ–¹å¯ºï¼“ï¼˜ï¼‘ï¼’ï¼‘"], ["lat", "22,007,235"]]
  â†³ lib/tasks/import.rake:31:in `block (2 levels) in <main>'
  [1m[36mTRANSACTION (0.3ms)[0m  [1m[36mcommit transaction[0m
  â†³ lib/tasks/import.rake:31:in `block (2 levels) in <main>'
  [1m[36mTRANSACTION (0.0ms)[0m  [1m[36mbegin transaction[0m
  â†³ lib/tasks/import.rake:31:in `block (2 levels) in <main>'
  [1m[36mDummyCompanyInformation Create (0.1ms)[0m  [1m[32mINSERT INTO "dummy_company_informations" ("station_g_cd", "station_name", "line_cd", "pref_cd", "address", "lon", "lat") VALUES (?, ?, ?, ?, ?, ?, ?)[0m  [["station_g_cd", "149317"], ["station_name", "é›²æµ·é€šä¿¡"], ["line_cd", "æœªä¸Šå ´"], ["pref_cd", "ï½³ï¾ï½¶ï½²ï¾‚ï½³ï½¼ï¾"], ["address", "907-0004"], ["lon", "æ²–ç¸„çœŒçŸ³å£å¸‚ç™»é‡åŸï¼“ï¼˜ï¼ï¼’ï¼’ç™»é‡åŸãƒãƒ³ã‚·ãƒ§ãƒ³ï¼”ï¼ï¼’"], ["lat", "30,840,746"]]
  â†³ lib/tasks/import.rake:31:in `block (2 levels) in <main>'
  [1m[36mTRANSACTION (0.2ms)[0m  [1m[36mcommit transaction[0m
  â†³ lib/tasks/import.rake:31:in `block (2 levels) in <main>'
  [1m[36mTRANSACTION (0.0ms)[0m  [1m[36mbegin transaction[0m
  â†³ lib/tasks/import.rake:31:in `block (2 levels) in <main>'
  [1m[36mDummyCompanyInformation Create (0.1ms)[0m  [1m[32mINSERT INTO "dummy_company_informations" ("station_g_cd", "station_name", "line_cd", "pref_cd", "address", "lon", "lat") VALUES (?, ?, ?, ?, ?, ?, ?)[0m  [["station_g_cd", "518276"], ["station_name", "ç™½é³¥èˆˆç”£"], ["line_cd", "ä¸Šå ´"], ["pref_cd", "ï¾Šï½¸ï¾ï½®ï½³ï½ºï½³ï½»ï¾"], ["address", "689-1412"], ["lon", "é³¥å–çœŒå…«é ­éƒ¡æ™ºé ­ç”ºèŠ¦æ´¥ï¼“ï¼—ï¼•ï¼”ï¼“ãƒ—ãƒ©ãƒãƒŠèŠ¦æ´¥ï¼’ï¼‘ï¼•"], ["lat", "30,302,166"]]
  â†³ lib/tasks/import.rake:31:in `block (2 levels) in <main>'
  [1m[36mTRANSACTION (0.2ms)[0m  [1m[36mcommit transaction[0m
  â†³ lib/tasks/import.rake:31:in `block (2 levels) in <main>'
  [1m[36mTRANSACTION (0.0ms)[0m  [1m[36mbegin transaction[0m
  â†³ lib/tasks/import.rake:31:in `block (2 levels) in <main>'
  [1m[36mDummyCompanyInformation Create (0.1ms)[0m  [1m[32mINSERT INTO "dummy_company_informations" ("station_g_cd", "station_name", "line_cd", "pref_cd", "address", "lon", "lat") VALUES (?, ?, ?, ?, ?, ?, ?)[0m  [["station_g_cd", "630284"], ["station_name", "æ±æ´‹ç¹Šç¶­"], ["line_cd", "æœªä¸Šå ´"], ["pref_cd", "ï¾„ï½³ï¾–ï½³ï½¾ï¾ï½²"], ["address", "270-1354"], ["lon", "åƒè‘‰çœŒå°è¥¿å¸‚æ­¦è¥¿ï¼”ï¼•ï¼ï¼ï¼”æ­¦è¥¿ãƒ¡ã‚¾ãƒ³ï¼”ï¼‘ï¼"], ["lat", "24,178,018"]]
  â†³ lib/tasks/import.rake:31:in `block (2 levels) in <main>'
  [1m[36mTRANSACTION (0.2ms)[0m  [1m[36mcommit transaction[0m
  â†³ lib/tasks/import.rake:31:in `block (2 levels) in <main>'
  [1m[36mTRANSACTION (0.0ms)[0m  [1m[36mbegin transaction[0m
  â†³ lib/tasks/import.rake:31:in `block (2 levels) in <main>'
  [1m[36mDummyCompanyInformation Create (0.1ms)[0m  [1m[32mINSERT INTO "dummy_company_informations" ("station_g_cd", "station_name", "line_cd", "pref_cd", "address", "lon", "lat") VALUES (?, ?, ?, ?, ?, ?, ?)[0m  [["station_g_cd", "973830"], ["station_name", "ç·‘è‘‰é…’é€ "], ["line_cd", "ä¸Šå ´"], ["pref_cd", "ï¾˜ï½®ï½¸ï¾–ï½³ï½¼ï½­ï½¿ï¾ï½³"], ["address", "409-2103"], ["lon", "å±±æ¢¨çœŒå—å·¨æ‘©éƒ¡å—éƒ¨ç”ºä¸‡æ²¢ï¼“ï¼—ï¼”ï¼’ï¼”"], ["lat", "1,141,220"]]
  â†³ lib/tasks/import.rake:31:in `block (2 levels) in <main>'
  [1m[36mTRANSACTION (0.2ms)[0m  [1m[36mcommit transaction[0m
  â†³ lib/tasks/import.rake:31:in `block (2 levels) in <main>'
  [1m[36mTRANSACTION (0.0ms)[0m  [1m[36mbegin transaction[0m
  â†³ lib/tasks/import.rake:31:in `block (2 levels) in <main>'
  [1m[36mDummyCompanyInformation Create (0.2ms)[0m  [1m[32mINSERT INTO "dummy_company_informations" ("station_g_cd", "station_name", "line_cd", "pref_cd", "address", "lon", "lat") VALUES (?, ?, ?, ?, ?, ?, ?)[0m  [["station_g_cd", "748708"], ["station_name", "é»’é¾è²¿æ˜“"], ["line_cd", "æœªä¸Šå ´"], ["pref_cd", "ï½ºï½¸ï¾˜ï½­ï½³ï¾ï¾ï½³ï½´ï½·"], ["address", "479-0075"], ["lon", "æ„›çŸ¥çœŒå¸¸æ»‘å¸‚è…å ´ï¼’ï¼ï¼‘ï¼–ï¼ï¼‘ï¼"], ["lat", "13,396,288"]]
  â†³ lib/tasks/import.rake:31:in `block (2 levels) in <main>'
  [1m[36mTRANSACTION (0.2ms)[0m  [1m[36mcommit transaction[0m
  â†³ lib/tasks/import.rake:31:in `block (2 levels) in <main>'
  [1m[36mTRANSACTION (0.0ms)[0m  [1m[36mbegin transaction[0m
  â†³ lib/tasks/import.rake:31:in `block (2 levels) in <main>'
  [1m[36mDummyCompanyInformation Create (0.1ms)[0m  [1m[32mINSERT INTO "dummy_company_informations" ("station_g_cd", "station_name", "line_cd", "pref_cd", "address", "lon", "lat") VALUES (?, ?, ?, ?, ?, ?, ?)[0m  [["station_g_cd", "465081"], ["station_name", "å¤§æ¨¹è£½è–¬"], ["line_cd", "æœªä¸Šå ´"], ["pref_cd", "ï¾€ï¾ï½²ï½¼ï¾ï½­ï½¾ï½²ï¾”ï½¸"], ["address", "865-0047"], ["lon", "ç†Šæœ¬çœŒç‰åå¸‚å·å³¶ï¼’ï¼ï¼‘ï¼“ï¼ï¼’"], ["lat", "2,137,399"]]
  â†³ lib/tasks/import.rake:31:in `block (2 levels) in <main>'
  [1m[36mTRANSACTION (0.4ms)[0m  [1m[36mcommit transaction[0m
  â†³ lib/tasks/import.rake:31:in `block (2 levels) in <main>'
  [1m[36mTRANSACTION (0.0ms)[0m  [1m[36mbegin transaction[0m
  â†³ lib/tasks/import.rake:31:in `block (2 levels) in <main>'
  [1m[36mDummyCompanyInformation Create (0.1ms)[0m  [1m[32mINSERT INTO "dummy_company_informations" ("station_g_cd", "station_name", "line_cd", "pref_cd", "address", "lon", "lat") VALUES (?, ?, ?, ?, ?, ?, ?)[0m  [["station_g_cd", "416279"], ["station_name", "é‡‘æ˜ŸéŠ€è¡Œ"], ["line_cd", "æœªä¸Šå ´"], ["pref_cd", "ï½·ï¾ï½¾ï½²ï½·ï¾ï¾ï½ºï½³"], ["address", "840-0516"], ["lon", "ä½è³€çœŒä½è³€å¸‚å¯Œå£«ç”ºæ¢…é‡ï¼‘ï¼ï¼‘ï¼˜ï¼ï¼‘ï¼”"], ["lat", "6,666,688"]]
  â†³ lib/tasks/import.rake:31:in `block (2 levels) in <main>'
  [1m[36mTRANSACTION (0.2ms)[0m  [1m[36mcommit transaction[0m
  â†³ lib/tasks/import.rake:31:in `block (2 levels) in <main>'
  [1m[36mTRANSACTION (0.0ms)[0m  [1m[36mbegin transaction[0m
  â†³ lib/tasks/import.rake:31:in `block (2 levels) in <main>'
  [1m[36mDummyCompanyInformation Create (0.2ms)[0m  [1m[32mINSERT INTO "dummy_company_informations" ("station_g_cd", "station_name", "line_cd", "pref_cd", "address", "lon", "lat") VALUES (?, ?, ?, ?, ?, ?, ?)[0m  [["station_g_cd", "129629"], ["station_name", "å¯¿å·å»ºè¨­"], ["line_cd", "ä¸Šå ´"], ["pref_cd", "ï½¼ï¾ï½­ï½¶ï¾œï½¹ï¾ï½¾ï¾‚"], ["address", "515-2303"], ["lon", "ä¸‰é‡çœŒæ¾é˜ªå¸‚å¬‰é‡å®®å¤ç”ºï¼“ï¼˜ï¼’ï¼—ï¼”"], ["lat", "71,414,131"]]
  â†³ lib/tasks/import.rake:31:in `block (2 levels) in <main>'
  [1m[36mTRANSACTION (0.2ms)[0m  [1m[36mcommit transaction[0m
  â†³ lib/tasks/import.rake:31:in `block (2 levels) in <main>'
  [1m[36mTRANSACTION (0.0ms)[0m  [1m[36mbegin transaction[0m
  â†³ lib/tasks/import.rake:31:in `block (2 levels) in <main>'
  [1m[36mDummyCompanyInformation Create (0.1ms)[0m  [1m[32mINSERT INTO "dummy_company_informations" ("station_g_cd", "station_name", "line_cd", "pref_cd", "address", "lon", "lat") VALUES (?, ?, ?, ?, ?, ?, ?)[0m  [["station_g_cd", "507923"], ["station_name", "æ˜¥æ—¥ç‰©æµ"], ["line_cd", "ä¸Šå ´"], ["pref_cd", "ï½¶ï½½ï½¶ï¾ï¾Œï¾ï¾‚ï¾˜ï½­ï½³"], ["address", "927-1442"], ["lon", "çŸ³å·çœŒç æ´²å¸‚ç‹¼ç…™æ–°ç”ºï¼”ï¼•ï¼ï¼ï¼“"], ["lat", "8,037,338"]]
  â†³ lib/tasks/import.rake:31:in `block (2 levels) in <main>'
  [1m[36mTRANSACTION (0.2ms)[0m  [1m[36mcommit transaction[0m
  â†³ lib/tasks/import.rake:31:in `block (2 levels) in <main>'
  [1m[36mTRANSACTION (0.0ms)[0m  [1m[36mbegin transaction[0m
  â†³ lib/tasks/import.rake:31:in `block (2 levels) in <main>'
  [1m[36mDummyCompanyInformation Create (0.2ms)[0m  [1m[32mINSERT INTO "dummy_company_informations" ("station_g_cd", "station_name", "line_cd", "pref_cd", "address", "lon", "lat") VALUES (?, ?, ?, ?, ?, ?, ?)[0m  [["station_g_cd", "798988"], ["station_name", "ç™¾ç€¬å•†äº‹"], ["line_cd", "æœªä¸Šå ´"], ["pref_cd", "ï¾“ï¾“ï½¾ï½¼ï½®ï½³ï½¼ï¾"], ["address", "910-3514"], ["lon", "ç¦äº•çœŒç¦äº•å¸‚æ°´è°·ç”ºï¼‘ï¼ï¼‘ï¼˜ï¼ï¼‘ï¼˜"], ["lat", "21,342,801"]]
  â†³ lib/tasks/import.rake:31:in `block (2 levels) in <main>'
  [1m[36mTRANSACTION (0.3ms)[0m  [1m[36mcommit transaction[0m
  â†³ lib/tasks/import.rake:31:in `block (2 levels) in <main>'
  [1m[36mTRANSACTION (0.0ms)[0m  [1m[36mbegin transaction[0m
  â†³ lib/tasks/import.rake:31:in `block (2 levels) in <main>'
  [1m[36mDummyCompanyInformation Create (0.1ms)[0m  [1m[32mINSERT INTO "dummy_company_informations" ("station_g_cd", "station_name", "line_cd", "pref_cd", "address", "lon", "lat") VALUES (?, ?, ?, ?, ?, ?, ?)[0m  [["station_g_cd", "620969"], ["station_name", "ç¥é¢¨é‡‘å±"], ["line_cd", "ä¸Šå ´"], ["pref_cd", "ï½¶ï¾ï½¶ï½¾ï¾ï½·ï¾ï½¿ï¾ï½¸"], ["address", "400-0834"], ["lon", "å±±æ¢¨çœŒç”²åºœå¸‚è½åˆç”ºï¼‘ï¼ï¼‘ï¼—ï¼ï¼—è½åˆç”ºãƒ’ãƒ«ï¼’ï¼ï¼™"], ["lat", "49,025,534"]]
  â†³ lib/tasks/import.rake:31:in `block (2 levels) in <main>'
  [1m[36mTRANSACTION (0.4ms)[0m  [1m[36mcommit transaction[0m
  â†³ lib/tasks/import.rake:31:in `block (2 levels) in <main>'
  [1m[36mTRANSACTION (0.0ms)[0m  [1m[36mbegin transaction[0m
  â†³ lib/tasks/import.rake:31:in `block (2 levels) in <main>'
  [1m[36mDummyCompanyInformation Create (0.1ms)[0m  [1m[32mINSERT INTO "dummy_company_informations" ("station_g_cd", "station_name", "line_cd", "pref_cd", "address", "lon", "lat") VALUES (?, ?, ?, ?, ?, ?, ?)[0m  [["station_g_cd", "993603"], ["station_name", "è¯å±±ç·åˆç—…é™¢"], ["line_cd", "æœªä¸Šå ´"], ["pref_cd", "ï½¶ï½»ï¾ï¾ï½¿ï½³ï½ºï¾ï½³ï¾‹ï¾ï½®ï½³ï½²ï¾"], ["address", "904-2235"], ["lon", "æ²–ç¸„çœŒã†ã‚‹ã¾å¸‚å‰åŸï¼“ï¼—ï¼™ï¼™ï¼˜"], ["lat", "58,142,540"]]
  â†³ lib/tasks/import.rake:31:in `block (2 levels) in <main>'
  [1m[36mTRANSACTION (0.2ms)[0m  [1m[36mcommit transaction[0m
  â†³ lib/tasks/import.rake:31:in `block (2 levels) in <main>'
  [1m[36mTRANSACTION (0.0ms)[0m  [1m[36mbegin transaction[0m
  â†³ lib/tasks/import.rake:31:in `block (2 levels) in <main>'
  [1m[36mDummyCompanyInformation Create (0.1ms)[0m  [1m[32mINSERT INTO "dummy_company_informations" ("station_g_cd", "station_name", "line_cd", "pref_cd", "address", "lon", "lat") VALUES (?, ?, ?, ?, ?, ?, ?)[0m  [["station_g_cd", "840688"], ["station_name", "è’¼æµ·ã‚¨ãƒ³ã‚¸ãƒ‹ã‚¢ãƒªãƒ³ã‚°"], ["line_cd", "ä¸Šå ´"], ["pref_cd", "ï½¿ï½³ï½¶ï½²ï½´ï¾ï½¼ï¾ï¾†ï½±ï¾˜ï¾ï½¸ï¾"], ["address", "019-1934"], ["lon", "ç§‹ç”°çœŒå¤§ä»™å¸‚å—å¤–ç”°å°»ï¼“ï¼—ï¼”ï¼•ï¼—"], ["lat", "15,298,875"]]
  â†³ lib/tasks/import.rake:31:in `block (2 levels) in <main>'
  [1m[36mTRANSACTION (0.2ms)[0m  [1m[36mcommit transaction[0m
  â†³ lib/tasks/import.rake:31:in `block (2 levels) in <main>'
  [1m[36mTRANSACTION (0.0ms)[0m  [1m[36mbegin transaction[0m
  â†³ lib/tasks/import.rake:31:in `block (2 levels) in <main>'
  [1m[36mDummyCompanyInformation Create (0.1ms)[0m  [1m[32mINSERT INTO "dummy_company_informations" ("station_g_cd", "station_name", "line_cd", "pref_cd", "address", "lon", "lat") VALUES (?, ?, ?, ?, ?, ?, ?)[0m  [["station_g_cd", "111715"], ["station_name", "é³³å‡°æƒ…å ±ã‚·ã‚¹ãƒ†ãƒ ã‚º"], ["line_cd", "ä¸Šå ´"], ["pref_cd", "ï¾ï½³ï½µï½³ï½¼ï¾ï½®ï½³ï¾ï½³ï½¼ï½½ï¾ƒï¾‘ï½½ï¾"], ["address", "036-1506"], ["lon", "é’æ£®çœŒå¼˜å‰å¸‚æ˜´ï¼“ï¼˜ï¼ï¼ï¼–ãƒ†ãƒ©ã‚¹æ˜´ï¼“ï¼ï¼˜"], ["lat", "75,938,711"]]
  â†³ lib/tasks/import.rake:31:in `block (2 levels) in <main>'
  [1m[36mTRANSACTION (0.2ms)[0m  [1m[36mcommit transaction[0m
  â†³ lib/tasks/import.rake:31:in `block (2 levels) in <main>'
  [1m[36mTRANSACTION (0.0ms)[0m  [1m[36mbegin transaction[0m
  â†³ lib/tasks/import.rake:31:in `block (2 levels) in <main>'
  [1m[36mDummyCompanyInformation Create (0.1ms)[0m  [1m[32mINSERT INTO "dummy_company_informations" ("station_g_cd", "station_name", "line_cd", "pref_cd", "address", "lon", "lat") VALUES (?, ?, ?, ?, ?, ?, ?)[0m  [["station_g_cd", "576041"], ["station_name", "æ¾é¢¨é›»æ©Ÿ"], ["line_cd", "ä¸Šå ´"], ["pref_cd", "ï¾ï¾‚ï½¶ï½¾ï¾ï¾ƒï¾ï¾ï½·"], ["address", "731-5125"], ["lon", "åºƒå³¶çœŒåºƒå³¶å¸‚ä½ä¼¯åŒºäº”æ—¥å¸‚é§…å‰ï¼‘ï¼ï¼‘ï¼™ï¼ï¼‘ï¼“ãƒ­ã‚¤ãƒ¤ãƒ«ãƒ‘ãƒ¬ã‚¹äº”æ—¥å¸‚é§…å‰ï¼“ï¼‘ï¼˜"], ["lat", "19,159,384"]]
  â†³ lib/tasks/import.rake:31:in `block (2 levels) in <main>'
  [1m[36mTRANSACTION (0.2ms)[0m  [1m[36mcommit transaction[0m
  â†³ lib/tasks/import.rake:31:in `block (2 levels) in <main>'
  [1m[36mTRANSACTION (0.0ms)[0m  [1m[36mbegin transaction[0m
  â†³ lib/tasks/import.rake:31:in `block (2 levels) in <main>'
  [1m[36mDummyCompanyInformation Create (0.1ms)[0m  [1m[32mINSERT INTO "dummy_company_informations" ("station_g_cd", "station_name", "line_cd", "pref_cd", "address", "lon", "lat") VALUES (?, ?, ?, ?, ?, ?, ?)[0m  [["station_g_cd", "298785"], ["station_name", "æœˆå½±é‰„å·¥æ‰€"], ["line_cd", "ä¸Šå ´"], ["pref_cd", "ï¾‚ï½·ï½¶ï½¹ï¾ï¾ƒï½¯ï½ºï½³ï½¼ï¾ï½®"], ["address", "854-0513"], ["lon", "é•·å´çœŒé›²ä»™å¸‚å°æµœç”ºå—æœ¬ç”ºï¼“ï¼—ï¼‘ï¼™ï¼˜"], ["lat", "801,741"]]
  â†³ lib/tasks/import.rake:31:in `block (2 levels) in <main>'
  [1m[36mTRANSACTION (0.2ms)[0m  [1m[36mcommit transaction[0m
  â†³ lib/tasks/import.rake:31:in `block (2 levels) in <main>'
  [1m[36mTRANSACTION (0.0ms)[0m  [1m[36mbegin transaction[0m
  â†³ lib/tasks/import.rake:31:in `block (2 levels) in <main>'
  [1m[36mDummyCompanyInformation Create (0.1ms)[0m  [1m[32mINSERT INTO "dummy_company_informations" ("station_g_cd", "station_name", "line_cd", "pref_cd", "address", "lon", "lat") VALUES (?, ?, ?, ?, ?, ?, ?)[0m  [["station_g_cd", "762081"], ["station_name", "æ˜¥æ—¥åŒ–å­¦"], ["line_cd", "ä¸Šå ´"], ["pref_cd", "ï½¶ï½½ï½¶ï¾ï½¶ï½¶ï¾ï½¸"], ["address", "600-8154"], ["lon", "äº¬éƒ½åºœäº¬éƒ½å¸‚ä¸‹äº¬åŒºæ¦æœ¨ç”ºï¼“ï¼—ï¼“ï¼“ï¼’"], ["lat", "10,263,424"]]
  â†³ lib/tasks/import.rake:31:in `block (2 levels) in <main>'
  [1m[36mTRANSACTION (0.2ms)[0m  [1m[36mcommit transaction[0m
  â†³ lib/tasks/import.rake:31:in `block (2 levels) in <main>'
  [1m[36mTRANSACTION (0.0ms)[0m  [1m[36mbegin transaction[0m
  â†³ lib/tasks/import.rake:31:in `block (2 levels) in <main>'
  [1m[36mDummyCompanyInformation Create (0.1ms)[0m  [1m[32mINSERT INTO "dummy_company_informations" ("station_g_cd", "station_name", "line_cd", "pref_cd", "address", "lon", "lat") VALUES (?, ?, ?, ?, ?, ?, ?)[0m  [["station_g_cd", "689724"], ["station_name", "å†¬æœ¨é‹¼é‰„"], ["line_cd", "æœªä¸Šå ´"], ["pref_cd", "ï¾Œï¾•ï½·ï½ºï½³ï¾ƒï¾‚"], ["address", "333-0808"], ["lon", "åŸ¼ç‰çœŒå·å£å¸‚é•·è”µæ–°ç”°ï¼”ï¼”ï¼™ï¼™ï¼”é•·è”µæ–°ç”°ãƒ¬ã‚¸ãƒ‡ãƒ³ã‚¹ï¼”ï¼ï¼’"], ["lat", "69,104,409"]]
  â†³ lib/tasks/import.rake:31:in `block (2 levels) in <main>'
  [1m[36mTRANSACTION (0.2ms)[0m  [1m[36mcommit transaction[0m
  â†³ lib/tasks/import.rake:31:in `block (2 levels) in <main>'
  [1m[36mTRANSACTION (0.0ms)[0m  [1m[36mbegin transaction[0m
  â†³ lib/tasks/import.rake:31:in `block (2 levels) in <main>'
  [1m[36mDummyCompanyInformation Create (0.1ms)[0m  [1m[32mINSERT INTO "dummy_company_informations" ("station_g_cd", "station_name", "line_cd", "pref_cd", "address", "lon", "lat") VALUES (?, ?, ?, ?, ?, ?, ?)[0m  [["station_g_cd", "853577"], ["station_name", "å®‡å®™é€šä¿¡"], ["line_cd", "æœªä¸Šå ´"], ["pref_cd", "ï½³ï¾ï½­ï½³ï¾‚ï½³ï½¼ï¾"], ["address", "068-0424"], ["lon", "åŒ—æµ·é“å¤•å¼µå¸‚åƒä»£ç”°ï¼”ï¼”ï¼™ï¼–ï¼—"], ["lat", "50,413,890"]]
  â†³ lib/tasks/import.rake:31:in `block (2 levels) in <main>'
  [1m[36mTRANSACTION (0.2ms)[0m  [1m[36mcommit transaction[0m
  â†³ lib/tasks/import.rake:31:in `block (2 levels) in <main>'
  [1m[36mTRANSACTION (0.0ms)[0m  [1m[36mbegin transaction[0m
  â†³ lib/tasks/import.rake:31:in `block (2 levels) in <main>'
  [1m[36mDummyCompanyInformation Create (0.1ms)[0m  [1m[32mINSERT INTO "dummy_company_informations" ("station_g_cd", "station_name", "line_cd", "pref_cd", "address", "lon", "lat") VALUES (?, ?, ?, ?, ?, ?, ?)[0m  [["station_g_cd", "801139"], ["station_name", "ä¸‰æ—¥æœˆè£½ä½œæ‰€"], ["line_cd", "ä¸Šå ´"], ["pref_cd", "ï¾ï½¶ï¾‚ï¾ï½·ï½¾ï½²ï½»ï½¸ï½¼ï¾ï½®"], ["address", "861-3524"], ["lon", "ç†Šæœ¬çœŒä¸Šç›ŠåŸéƒ¡å±±éƒ½ç”ºè—¤æœ¨ï¼”ï¼”ï¼™ï¼–ï¼‘"], ["lat", "6,005,003"]]
  â†³ lib/tasks/import.rake:31:in `block (2 levels) in <main>'
  [1m[36mTRANSACTION (0.2ms)[0m  [1m[36mcommit transaction[0m
  â†³ lib/tasks/import.rake:31:in `block (2 levels) in <main>'
  [1m[36mTRANSACTION (0.0ms)[0m  [1m[36mbegin transaction[0m
  â†³ lib/tasks/import.rake:31:in `block (2 levels) in <main>'
  [1m[36mDummyCompanyInformation Create (0.1ms)[0m  [1m[32mINSERT INTO "dummy_company_informations" ("station_g_cd", "station_name", "line_cd", "pref_cd", "address", "lon", "lat") VALUES (?, ?, ?, ?, ?, ?, ?)[0m  [["station_g_cd", "290502"], ["station_name", "æ˜Ÿæµ·åŒ–å­¦"], ["line_cd", "ä¸Šå ´"], ["pref_cd", "ï½¾ï½²ï½¶ï½²ï½¶ï½¶ï¾ï½¸"], ["address", "859-6314"], ["lon", "é•·å´çœŒä½ä¸–ä¿å¸‚å‰äº•ç”ºç”°åŸï¼”ï¼”ï¼™ï¼—ï¼”å‰äº•ç”ºç”°åŸãƒ†ãƒ©ã‚¹ï¼“ï¼‘ï¼™"], ["lat", "69,539,217"]]
  â†³ lib/tasks/import.rake:31:in `block (2 levels) in <main>'
  [1m[36mTRANSACTION (0.2ms)[0m  [1m[36mcommit transaction[0m
  â†³ lib/tasks/import.rake:31:in `block (2 levels) in <main>'
  [1m[36mTRANSACTION (0.0ms)[0m  [1m[36mbegin transaction[0m
  â†³ lib/tasks/import.rake:31:in `block (2 levels) in <main>'
  [1m[36mDummyCompanyInformation Create (0.1ms)[0m  [1m[32mINSERT INTO "dummy_company_informations" ("station_g_cd", "station_name", "line_cd", "pref_cd", "address", "lon", "lat") VALUES (?, ?, ?, ?, ?, ?, ?)[0m  [["station_g_cd", "479936"], ["station_name", "è’¼ç©ºç‰©ç”£"], ["line_cd", "ä¸Šå ´"], ["pref_cd", "ï½¿ï½³ï½¸ï½³ï¾Œï¾ï½¯ï½»ï¾"], ["address", "319-0325"], ["lon", "èŒ¨åŸçœŒæ°´æˆ¸å¸‚å°æ—ç”ºï¼“ï¼—ï¼–ï¼˜ï¼”ã‚¿ã‚¦ãƒ³å°æ—ç”ºï¼”ï¼‘ï¼˜"], ["lat", "15,707,446"]]
  â†³ lib/tasks/import.rake:31:in `block (2 levels) in <main>'
  [1m[36mTRANSACTION (0.2ms)[0m  [1m[36mcommit transaction[0m
  â†³ lib/tasks/import.rake:31:in `block (2 levels) in <main>'
  [1m[36mTRANSACTION (0.0ms)[0m  [1m[36mbegin transaction[0m
  â†³ lib/tasks/import.rake:31:in `block (2 levels) in <main>'
  [1m[36mDummyCompanyInformation Create (0.1ms)[0m  [1m[32mINSERT INTO "dummy_company_informations" ("station_g_cd", "station_name", "line_cd", "pref_cd", "address", "lon", "lat") VALUES (?, ?, ?, ?, ?, ?, ?)[0m  [["station_g_cd", "128000"], ["station_name", "å¤ªé™½éŠ€è¡Œ"], ["line_cd", "ä¸Šå ´"], ["pref_cd", "ï¾€ï½²ï¾–ï½³ï½·ï¾ï¾ï½ºï½³"], ["address", "231-0814"], ["lon", "ç¥å¥ˆå·çœŒæ¨ªæµœå¸‚ä¸­åŒºè±Šæµ¦ç”ºï¼‘ï¼ï¼‘ï¼™ï¼ï¼‘ï¼–è±Šæµ¦ç”ºãƒ©ãƒ³ãƒ‰ï¼“ï¼ï¼‘"], ["lat", "75,719,090"]]
  â†³ lib/tasks/import.rake:31:in `block (2 levels) in <main>'
  [1m[36mTRANSACTION (0.2ms)[0m  [1m[36mcommit transaction[0m
  â†³ lib/tasks/import.rake:31:in `block (2 levels) in <main>'
  [1m[36mTRANSACTION (0.0ms)[0m  [1m[36mbegin transaction[0m
  â†³ lib/tasks/import.rake:31:in `block (2 levels) in <main>'
  [1m[36mDummyCompanyInformation Create (0.1ms)[0m  [1m[32mINSERT INTO "dummy_company_informations" ("station_g_cd", "station_name", "line_cd", "pref_cd", "address", "lon", "lat") VALUES (?, ?, ?, ?, ?, ?, ?)[0m  [["station_g_cd", "760105"], ["station_name", "é»’å´é›»æ©Ÿ"], ["line_cd", "ä¸Šå ´"], ["pref_cd", "ï½¸ï¾›ï½»ï½·ï¾ƒï¾ï¾ï½·"], ["address", "964-0893"], ["lon", "ç¦å³¶çœŒäºŒæœ¬æ¾å¸‚å¹¸ç”ºï¼“ï¼ï¼‘ï¼˜ï¼ï¼‘ï¼˜"], ["lat", "19,018,886"]]
  â†³ lib/tasks/import.rake:31:in `block (2 levels) in <main>'
  [1m[36mTRANSACTION (0.2ms)[0m  [1m[36mcommit transaction[0m
  â†³ lib/tasks/import.rake:31:in `block (2 levels) in <main>'
  [1m[36mTRANSACTION (0.0ms)[0m  [1m[36mbegin transaction[0m
  â†³ lib/tasks/import.rake:31:in `block (2 levels) in <main>'
  [1m[36mDummyCompanyInformation Create (0.1ms)[0m  [1m[32mINSERT INTO "dummy_company_informations" ("station_g_cd", "station_name", "line_cd", "pref_cd", "address", "lon", "lat") VALUES (?, ?, ?, ?, ?, ?, ?)[0m  [["station_g_cd", "139376"], ["station_name", "é³³æ¥è£½è–¬"], ["line_cd", "æœªä¸Šå ´"], ["pref_cd", "ï¾ï½³ï¾—ï½²ï½¾ï½²ï¾”ï½¸"], ["address", "891-8328"], ["lon", "é¹¿å…å³¶çœŒå¤§å³¶éƒ¡ä¼Šä»™ç”ºå´åŸï¼”ï¼ï¼‘ï¼—ï¼ï¼’ï¼"], ["lat", "65,521,630"]]
  â†³ lib/tasks/import.rake:31:in `block (2 levels) in <main>'
  [1m[36mTRANSACTION (0.2ms)[0m  [1m[36mcommit transaction[0m
  â†³ lib/tasks/import.rake:31:in `block (2 levels) in <main>'
  [1m[36mTRANSACTION (0.0ms)[0m  [1m[36mbegin transaction[0m
  â†³ lib/tasks/import.rake:31:in `block (2 levels) in <main>'
  [1m[36mDummyCompanyInformation Create (0.1ms)[0m  [1m[32mINSERT INTO "dummy_company_informations" ("station_g_cd", "station_name", "line_cd", "pref_cd", "address", "lon", "lat") VALUES (?, ?, ?, ?, ?, ?, ?)[0m  [["station_g_cd", "746682"], ["station_name", "é›²æµ·ç‰©æµ"], ["line_cd", "æœªä¸Šå ´"], ["pref_cd", "ï½³ï¾ï½¶ï½²ï¾Œï¾ï¾‚ï¾˜ï½­ï½³"], ["address", "923-0332"], ["lon", "çŸ³å·çœŒå°æ¾å¸‚æ¹¯ä¸Šç”ºï¼”ï¼”ï¼™ï¼–ï¼™ã‚³ãƒ¼ãƒˆæ¹¯ä¸Šç”ºï¼‘ï¼ï¼’"], ["lat", "16,741,166"]]
  â†³ lib/tasks/import.rake:31:in `block (2 levels) in <main>'
  [1m[36mTRANSACTION (0.2ms)[0m  [1m[36mcommit transaction[0m
  â†³ lib/tasks/import.rake:31:in `block (2 levels) in <main>'
  [1m[36mTRANSACTION (0.0ms)[0m  [1m[36mbegin transaction[0m
  â†³ lib/tasks/import.rake:31:in `block (2 levels) in <main>'
  [1m[36mDummyCompanyInformation Create (0.1ms)[0m  [1m[32mINSERT INTO "dummy_company_informations" ("station_g_cd", "station_name", "line_cd", "pref_cd", "address", "lon", "lat") VALUES (?, ?, ?, ?, ?, ?, ?)[0m  [["station_g_cd", "614033"], ["station_name", "ç¥é¢¨è²¿æ˜“"], ["line_cd", "ä¸Šå ´"], ["pref_cd", "ï½¶ï¾ï½¶ï½¾ï¾ï¾ï¾ï½³ï½´ï½·"], ["address", "709-0805"], ["lon", "å²¡å±±çœŒèµ¤ç£å¸‚äºŒäº•ï¼”ï¼•ï¼ï¼’ï¼—ã‚­ãƒ£ãƒƒã‚¹ãƒ«äºŒäº•ï¼‘ï¼‘ï¼–"], ["lat", "29,300,364"]]
  â†³ lib/tasks/import.rake:31:in `block (2 levels) in <main>'
  [1m[36mTRANSACTION (0.2ms)[0m  [1m[36mcommit transaction[0m
  â†³ lib/tasks/import.rake:31:in `block (2 levels) in <main>'
  [1m[36mTRANSACTION (0.0ms)[0m  [1m[36mbegin transaction[0m
  â†³ lib/tasks/import.rake:31:in `block (2 levels) in <main>'
  [1m[36mDummyCompanyInformation Create (0.1ms)[0m  [1m[32mINSERT INTO "dummy_company_informations" ("station_g_cd", "station_name", "line_cd", "pref_cd", "address", "lon", "lat") VALUES (?, ?, ?, ?, ?, ?, ?)[0m  [["station_g_cd", "997579"], ["station_name", "æ–°æœˆé›»å­"], ["line_cd", "ä¸Šå ´"], ["pref_cd", "ï½¼ï¾ï½¹ï¾ï¾‚ï¾ƒï¾ï¾ï½¼"], ["address", "409-1315"], ["lon", "å±±æ¢¨çœŒç”²å·å¸‚å‹æ²¼ç”ºç­‰ã€…åŠ›ï¼“ï¼˜ï¼’ï¼ï¼’"], ["lat", "79,853,120"]]
  â†³ lib/tasks/import.rake:31:in `block (2 levels) in <main>'
  [1m[36mTRANSACTION (0.2ms)[0m  [1m[36mcommit transaction[0m
  â†³ lib/tasks/import.rake:31:in `block (2 levels) in <main>'
  [1m[36mTRANSACTION (0.0ms)[0m  [1m[36mbegin transaction[0m
  â†³ lib/tasks/import.rake:31:in `block (2 levels) in <main>'
  [1m[36mDummyCompanyInformation Create (0.1ms)[0m  [1m[32mINSERT INTO "dummy_company_informations" ("station_g_cd", "station_name", "line_cd", "pref_cd", "address", "lon", "lat") VALUES (?, ?, ?, ?, ?, ?, ?)[0m  [["station_g_cd", "246860"], ["station_name", "è¯è“®è£½ç´™"], ["line_cd", "æœªä¸Šå ´"], ["pref_cd", "ï½¶ï¾šï¾ï½¾ï½²ï½¼"], ["address", "014-0202"], ["lon", "ç§‹ç”°çœŒå¤§ä»™å¸‚ä¸Šé¶¯é‡ï¼”ï¼ï¼’ï¼ï¼ï¼‘ï¼˜ä¸Šé¶¯é‡è˜ï¼“ï¼‘ï¼”"], ["lat", "47,914,415"]]
  â†³ lib/tasks/import.rake:31:in `block (2 levels) in <main>'
  [1m[36mTRANSACTION (0.2ms)[0m  [1m[36mcommit transaction[0m
  â†³ lib/tasks/import.rake:31:in `block (2 levels) in <main>'
  [1m[36mTRANSACTION (0.0ms)[0m  [1m[36mbegin transaction[0m
  â†³ lib/tasks/import.rake:31:in `block (2 levels) in <main>'
  [1m[36mDummyCompanyInformation Create (0.1ms)[0m  [1m[32mINSERT INTO "dummy_company_informations" ("station_g_cd", "station_name", "line_cd", "pref_cd", "address", "lon", "lat") VALUES (?, ?, ?, ?, ?, ?, ?)[0m  [["station_g_cd", "456140"], ["station_name", "æ¡œèŠ±åŒ–å­¦"], ["line_cd", "æœªä¸Šå ´"], ["pref_cd", "ï½»ï½¸ï¾—ï½¶ï½¶ï½¶ï¾ï½¸"], ["address", "410-0308"], ["lon", "é™å²¡çœŒæ²¼æ´¥å¸‚æŸ³æ²¢ï¼“ï¼ï¼‘ï¼—ï¼ï¼”æŸ³æ²¢ã‚¿ã‚¦ãƒ³ï¼‘ï¼ï¼’"], ["lat", "5,353,683"]]
  â†³ lib/tasks/import.rake:31:in `block (2 levels) in <main>'
  [1m[36mTRANSACTION (0.2ms)[0m  [1m[36mcommit transaction[0m
  â†³ lib/tasks/import.rake:31:in `block (2 levels) in <main>'
  [1m[36mTRANSACTION (0.0ms)[0m  [1m[36mbegin transaction[0m
  â†³ lib/tasks/import.rake:31:in `block (2 levels) in <main>'
  [1m[36mDummyCompanyInformation Create (0.1ms)[0m  [1m[32mINSERT INTO "dummy_company_informations" ("station_g_cd", "station_name", "line_cd", "pref_cd", "address", "lon", "lat") VALUES (?, ?, ?, ?, ?, ?, ?)[0m  [["station_g_cd", "510475"], ["station_name", "ç¥æ¥½éŠ€è¡Œ"], ["line_cd", "ä¸Šå ´"], ["pref_cd", "ï½¶ï½¸ï¾ï¾—ï½·ï¾ï¾ï½ºï½³"], ["address", "615-0905"], ["lon", "äº¬éƒ½åºœäº¬éƒ½å¸‚å³äº¬åŒºæ¢…æ´¥çŸ³ç˜ç”ºï¼“ï¼—ï¼—ï¼—ï¼—æ¢…æ´¥çŸ³ç˜ç”ºãƒ—ãƒ¬ã‚¤ã‚¹ï¼‘ï¼ï¼•"], ["lat", "6,601,871"]]
  â†³ lib/tasks/import.rake:31:in `block (2 levels) in <main>'
  [1m[36mTRANSACTION (0.2ms)[0m  [1m[36mcommit transaction[0m
  â†³ lib/tasks/import.rake:31:in `block (2 levels) in <main>'
  [1m[36mTRANSACTION (0.0ms)[0m  [1m[36mbegin transaction[0m
  â†³ lib/tasks/import.rake:31:in `block (2 levels) in <main>'
  [1m[36mDummyCompanyInformation Create (0.1ms)[0m  [1m[32mINSERT INTO "dummy_company_informations" ("station_g_cd", "station_name", "line_cd", "pref_cd", "address", "lon", "lat") VALUES (?, ?, ?, ?, ?, ?, ?)[0m  [["station_g_cd", "953438"], ["station_name", "å†¬æœ¨ç¹”ç‰©"], ["line_cd", "æœªä¸Šå ´"], ["pref_cd", "ï¾Œï¾•ï½·ï½µï¾˜ï¾“ï¾‰"], ["address", "319-3513"], ["lon", "èŒ¨åŸçœŒä¹…æ…ˆéƒ¡å¤§å­ç”ºå¤§ç”Ÿç€¬ï¼”ï¼”ï¼™ï¼™ï¼™"], ["lat", "44,112,307"]]
  â†³ lib/tasks/import.rake:31:in `block (2 levels) in <main>'
  [1m[36mTRANSACTION (0.2ms)[0m  [1m[36mcommit transaction[0m
  â†³ lib/tasks/import.rake:31:in `block (2 levels) in <main>'
  [1m[36mTRANSACTION (0.0ms)[0m  [1m[36mbegin transaction[0m
  â†³ lib/tasks/import.rake:31:in `block (2 levels) in <main>'
  [1m[36mDummyCompanyInformation Create (0.1ms)[0m  [1m[32mINSERT INTO "dummy_company_informations" ("station_g_cd", "station_name", "line_cd", "pref_cd", "address", "lon", "lat") VALUES (?, ?, ?, ?, ?, ?, ?)[0m  [["station_g_cd", "596284"], ["station_name", "ç™½é³¥è²¿æ˜“"], ["line_cd", "ä¸Šå ´"], ["pref_cd", "ï¾Šï½¸ï¾ï½®ï½³ï¾ï¾ï½³ï½´ï½·"], ["address", "648-0037"], ["lon", "å’Œæ­Œå±±çœŒæ©‹æœ¬å¸‚è³¢å ‚ï¼“ï¼˜ï¼‘ï¼•ï¼“ãƒã‚¦ã‚¹è³¢å ‚ï¼“ï¼‘ï¼•"], ["lat", "57,004,345"]]
  â†³ lib/tasks/import.rake:31:in `block (2 levels) in <main>'
  [1m[36mTRANSACTION (0.2ms)[0m  [1m[36mcommit transaction[0m
  â†³ lib/tasks/import.rake:31:in `block (2 levels) in <main>'
  [1m[36mTRANSACTION (0.0ms)[0m  [1m[36mbegin transaction[0m
  â†³ lib/tasks/import.rake:31:in `block (2 levels) in <main>'
  [1m[36mDummyCompanyInformation Create (0.1ms)[0m  [1m[32mINSERT INTO "dummy_company_informations" ("station_g_cd", "station_name", "line_cd", "pref_cd", "address", "lon", "lat") VALUES (?, ?, ?, ?, ?, ?, ?)[0m  [["station_g_cd", "635871"], ["station_name", "æ˜Ÿæµ·å»ºè¨­"], ["line_cd", "ä¸Šå ´"], ["pref_cd", "ï½¾ï½²ï½¶ï½²ï½¹ï¾ï½¾ï¾‚"], ["address", "639-0202"], ["lon", "å¥ˆè‰¯çœŒåŒ—è‘›åŸéƒ¡ä¸Šç‰§ç”ºæ¡œã‚±ä¸˜ï¼‘ï¼ï¼‘ï¼–ï¼ï¼˜"], ["lat", "9,619,252"]]
  â†³ lib/tasks/import.rake:31:in `block (2 levels) in <main>'
  [1m[36mTRANSACTION (0.2ms)[0m  [1m[36mcommit transaction[0m
  â†³ lib/tasks/import.rake:31:in `block (2 levels) in <main>'
  [1m[36mTRANSACTION (0.0ms)[0m  [1m[36mbegin transaction[0m
  â†³ lib/tasks/import.rake:31:in `block (2 levels) in <main>'
  [1m[36mDummyCompanyInformation Create (0.1ms)[0m  [1m[32mINSERT INTO "dummy_company_informations" ("station_g_cd", "station_name", "line_cd", "pref_cd", "address", "lon", "lat") VALUES (?, ?, ?, ?, ?, ?, ?)[0m  [["station_g_cd", "329299"], ["station_name", "ç´…é™½è£½ä½œæ‰€"], ["line_cd", "ä¸Šå ´"], ["pref_cd", "ï½ºï½³ï¾–ï½³ï½¾ï½²ï½»ï½¸ï½¼ï¾ï½®"], ["address", "399-9211"], ["lon", "é•·é‡çœŒåŒ—å®‰æ›‡éƒ¡ç™½é¦¬æ‘ç¥åŸï¼”ï¼”ï¼™ï¼–ï¼•"], ["lat", "27,651,598"]]
  â†³ lib/tasks/import.rake:31:in `block (2 levels) in <main>'
  [1m[36mTRANSACTION (0.2ms)[0m  [1m[36mcommit transaction[0m
  â†³ lib/tasks/import.rake:31:in `block (2 levels) in <main>'
  [1m[36mTRANSACTION (0.0ms)[0m  [1m[36mbegin transaction[0m
  â†³ lib/tasks/import.rake:31:in `block (2 levels) in <main>'
  [1m[36mDummyCompanyInformation Create (0.1ms)[0m  [1m[32mINSERT INTO "dummy_company_informations" ("station_g_cd", "station_name", "line_cd", "pref_cd", "address", "lon", "lat") VALUES (?, ?, ?, ?, ?, ?, ?)[0m  [["station_g_cd", "124960"], ["station_name", "ä¸‰å³°ç·åˆç—…é™¢"], ["line_cd", "ä¸Šå ´"], ["pref_cd", "ï½»ï¾ï¾ï¾Ÿï½³ï½¿ï½³ï½ºï¾ï½³ï¾‹ï¾ï½®ï½³ï½²ï¾"], ["address", "709-0623"], ["lon", "å²¡å±±çœŒå²¡å±±å¸‚æ±åŒºåŸæ±å°å—ï¼‘ï¼ï¼‘ï¼–ï¼ï¼™"], ["lat", "42,931,896"]]
  â†³ lib/tasks/import.rake:31:in `block (2 levels) in <main>'
  [1m[36mTRANSACTION (0.2ms)[0m  [1m[36mcommit transaction[0m
  â†³ lib/tasks/import.rake:31:in `block (2 levels) in <main>'
  [1m[36mTRANSACTION (0.0ms)[0m  [1m[36mbegin transaction[0m
  â†³ lib/tasks/import.rake:31:in `block (2 levels) in <main>'
  [1m[36mDummyCompanyInformation Create (0.1ms)[0m  [1m[32mINSERT INTO "dummy_company_informations" ("station_g_cd", "station_name", "line_cd", "pref_cd", "address", "lon", "lat") VALUES (?, ?, ?, ?, ?, ?, ?)[0m  [["station_g_cd", "500031"], ["station_name", "æ¨¹æµ·ç‰©ç”£"], ["line_cd", "æœªä¸Šå ´"], ["pref_cd", "ï½¼ï¾ï½­ï½¶ï½²ï¾Œï¾ï½¯ï½»ï¾"], ["address", "675-1376"], ["lon", "å…µåº«çœŒå°é‡å¸‚ä¸¸å±±ç”ºï¼”ï¼ï¼‘ï¼—ï¼ï¼‘ï¼•"], ["lat", "11,539,220"]]
  â†³ lib/tasks/import.rake:31:in `block (2 levels) in <main>'
  [1m[36mTRANSACTION (0.2ms)[0m  [1m[36mcommit transaction[0m
  â†³ lib/tasks/import.rake:31:in `block (2 levels) in <main>'
  [1m[36mTRANSACTION (0.0ms)[0m  [1m[36mbegin transaction[0m
  â†³ lib/tasks/import.rake:31:in `block (2 levels) in <main>'
  [1m[36mDummyCompanyInformation Create (0.1ms)[0m  [1m[32mINSERT INTO "dummy_company_informations" ("station_g_cd", "station_name", "line_cd", "pref_cd", "address", "lon", "lat") VALUES (?, ?, ?, ?, ?, ?, ?)[0m  [["station_g_cd", "709182"], ["station_name", "éŠ€æ³¢é€šä¿¡"], ["line_cd", "æœªä¸Šå ´"], ["pref_cd", "ï½·ï¾ï¾ï¾Šï¾‚ï½³ï½¼ï¾"], ["address", "986-1332"], ["lon", "å®®åŸçœŒçŸ³å·»å¸‚é›„å‹ç”ºå°å³¶ï¼“ï¼—ï¼–ï¼•ï¼™"], ["lat", "32,897,681"]]
  â†³ lib/tasks/import.rake:31:in `block (2 levels) in <main>'
  [1m[36mTRANSACTION (0.2ms)[0m  [1m[36mcommit transaction[0m
  â†³ lib/tasks/import.rake:31:in `block (2 levels) in <main>'
  [1m[36mTRANSACTION (0.0ms)[0m  [1m[36mbegin transaction[0m
  â†³ lib/tasks/import.rake:31:in `block (2 levels) in <main>'
  [1m[36mDummyCompanyInformation Create (0.1ms)[0m  [1m[32mINSERT INTO "dummy_company_informations" ("station_g_cd", "station_name", "line_cd", "pref_cd", "address", "lon", "lat") VALUES (?, ?, ?, ?, ?, ?, ?)[0m  [["station_g_cd", "704913"], ["station_name", "é»’çŸ³é‡‘å±"], ["line_cd", "ä¸Šå ´"], ["pref_cd", "ï½¸ï¾›ï½²ï½¼ï½·ï¾ï½¿ï¾ï½¸"], ["address", "039-3353"], ["lon", "é’æ£®çœŒæ±æ´¥è»½éƒ¡å¹³å†…ç”ºç”°èŒ‚æœ¨ï¼“ï¼—ï¼—ï¼—ï¼˜"], ["lat", "51,948,473"]]
  â†³ lib/tasks/import.rake:31:in `block (2 levels) in <main>'
  [1m[36mTRANSACTION (0.2ms)[0m  [1m[36mcommit transaction[0m
  â†³ lib/tasks/import.rake:31:in `block (2 levels) in <main>'
  [1m[36mTRANSACTION (0.0ms)[0m  [1m[36mbegin transaction[0m
  â†³ lib/tasks/import.rake:31:in `block (2 levels) in <main>'
  [1m[36mDummyCompanyInformation Create (0.1ms)[0m  [1m[32mINSERT INTO "dummy_company_informations" ("station_g_cd", "station_name", "line_cd", "pref_cd", "address", "lon", "lat") VALUES (?, ?, ?, ?, ?, ?, ?)[0m  [["station_g_cd", "237327"], ["station_name", "æ˜¥æ—¥ç”£æ¥­"], ["line_cd", "æœªä¸Šå ´"], ["pref_cd", "ï½¶ï½½ï½¶ï¾ï½»ï¾ï½·ï¾ï½®ï½³"], ["address", "930-2101"], ["lon", "å¯Œå±±çœŒå¯Œå±±å¸‚å±±ç”°ä¸­ç€¬ï¼“ï¼—ï¼•ï¼”ï¼”å±±ç”°ä¸­ç€¬ãƒ†ãƒ©ã‚¹ï¼’ï¼ï¼”"], ["lat", "7,658,120"]]
  â†³ lib/tasks/import.rake:31:in `block (2 levels) in <main>'
  [1m[36mTRANSACTION (0.2ms)[0m  [1m[36mcommit transaction[0m
  â†³ lib/tasks/import.rake:31:in `block (2 levels) in <main>'
  [1m[36mTRANSACTION (0.0ms)[0m  [1m[36mbegin transaction[0m
  â†³ lib/tasks/import.rake:31:in `block (2 levels) in <main>'
  [1m[36mDummyCompanyInformation Create (0.1ms)[0m  [1m[32mINSERT INTO "dummy_company_informations" ("station_g_cd", "station_name", "line_cd", "pref_cd", "address", "lon", "lat") VALUES (?, ?, ?, ?, ?, ?, ?)[0m  [["station_g_cd", "455225"], ["station_name", "å¤ªé™½é…’é€ "], ["line_cd", "æœªä¸Šå ´"], ["pref_cd", "ï¾€ï½²ï¾–ï½³ï½¼ï½­ï½¿ï¾ï½³"], ["address", "018-2805"], ["lon", "ç§‹ç”°çœŒèƒ½ä»£å¸‚è½Ÿï¼‘ï¼ï¼‘ï¼–ï¼ï¼–"], ["lat", "23,052,827"]]
  â†³ lib/tasks/import.rake:31:in `block (2 levels) in <main>'
  [1m[36mTRANSACTION (0.2ms)[0m  [1m[36mcommit transaction[0m
  â†³ lib/tasks/import.rake:31:in `block (2 levels) in <main>'
  [1m[36mTRANSACTION (0.0ms)[0m  [1m[36mbegin transaction[0m
  â†³ lib/tasks/import.rake:31:in `block (2 levels) in <main>'
  [1m[36mDummyCompanyInformation Create (0.1ms)[0m  [1m[32mINSERT INTO "dummy_company_informations" ("station_g_cd", "station_name", "line_cd", "pref_cd", "address", "lon", "lat") VALUES (?, ?, ?, ?, ?, ?, ?)[0m  [["station_g_cd", "596671"], ["station_name", "ç·‘è‘‰èˆˆç”£"], ["line_cd", "æœªä¸Šå ´"], ["pref_cd", "ï¾˜ï½®ï½¸ï¾–ï½³ï½ºï½³ï½»ï¾"], ["address", "669-3163"], ["lon", "å…µåº«çœŒä¸¹æ³¢å¸‚å±±å—ç”ºå±±æœ¬ï¼“ï¼—ï¼”ï¼ï¼˜å±±å—ç”ºå±±æœ¬ãƒ´ã‚£ãƒ¬ãƒƒã‚¸ï¼”ï¼‘ï¼˜"], ["lat", "3,116,989"]]
  â†³ lib/tasks/import.rake:31:in `block (2 levels) in <main>'
  [1m[36mTRANSACTION (0.2ms)[0m  [1m[36mcommit transaction[0m
  â†³ lib/tasks/import.rake:31:in `block (2 levels) in <main>'
  [1m[36mTRANSACTION (0.0ms)[0m  [1m[36mbegin transaction[0m
  â†³ lib/tasks/import.rake:31:in `block (2 levels) in <main>'
  [1m[36mDummyCompanyInformation Create (0.1ms)[0m  [1m[32mINSERT INTO "dummy_company_informations" ("station_g_cd", "station_name", "line_cd", "pref_cd", "address", "lon", "lat") VALUES (?, ?, ?, ?, ?, ?, ?)[0m  [["station_g_cd", "459375"], ["station_name", "ç™½è™¹ã‚¨ãƒ³ã‚¸ãƒ‹ã‚¢ãƒªãƒ³ã‚°"], ["line_cd", "æœªä¸Šå ´"], ["pref_cd", "ï¾Šï½¸ï½ºï½³ï½´ï¾ï½¼ï¾ï¾†ï½±ï¾˜ï¾ï½¸ï¾"], ["address", "571-0009"], ["lon", "å¤§é˜ªåºœé–€çœŸå¸‚ä¸‹é¦¬ä¼ç”ºï¼“ï¼˜ï¼‘ï¼•ï¼–ä¸‹é¦¬ä¼ç”ºãƒ—ãƒ¬ã‚·ãƒ£ã‚¹ï¼“ï¼ï¼•"], ["lat", "12,859,498"]]
  â†³ lib/tasks/import.rake:31:in `block (2 levels) in <main>'
  [1m[36mTRANSACTION (0.2ms)[0m  [1m[36mcommit transaction[0m
  â†³ lib/tasks/import.rake:31:in `block (2 levels) in <main>'
  [1m[36mTRANSACTION (0.0ms)[0m  [1m[36mbegin transaction[0m
  â†³ lib/tasks/import.rake:31:in `block (2 levels) in <main>'
  [1m[36mDummyCompanyInformation Create (0.1ms)[0m  [1m[32mINSERT INTO "dummy_company_informations" ("station_g_cd", "station_name", "line_cd", "pref_cd", "address", "lon", "lat") VALUES (?, ?, ?, ?, ?, ?, ?)[0m  [["station_g_cd", "142936"], ["station_name", "æ±æ´‹é‹¼é‰„"], ["line_cd", "æœªä¸Šå ´"], ["pref_cd", "ï¾„ï½³ï¾–ï½³ï½ºï½³ï¾ƒï¾‚"], ["address", "851-0244"], ["lon", "é•·å´çœŒé•·å´å¸‚å¤§å´ç”ºï¼”ï¼”ï¼™ï¼™ï¼“å¤§å´ç”ºã‚¹ã‚«ã‚¤ï¼”ï¼ï¼’"], ["lat", "15,996,134"]]
  â†³ lib/tasks/import.rake:31:in `block (2 levels) in <main>'
  [1m[36mTRANSACTION (0.2ms)[0m  [1m[36mcommit transaction[0m
  â†³ lib/tasks/import.rake:31:in `block (2 levels) in <main>'
  [1m[36mTRANSACTION (0.0ms)[0m  [1m[36mbegin transaction[0m
  â†³ lib/tasks/import.rake:31:in `block (2 levels) in <main>'
  [1m[36mDummyCompanyInformation Create (0.1ms)[0m  [1m[32mINSERT INTO "dummy_company_informations" ("station_g_cd", "station_name", "line_cd", "pref_cd", "address", "lon", "lat") VALUES (?, ?, ?, ?, ?, ?, ?)[0m  [["station_g_cd", "530860"], ["station_name", "ç‘å®éŠ€è¡Œ"], ["line_cd", "æœªä¸Šå ´"], ["pref_cd", "ï½½ï¾ï½²ï¾ï½³ï½·ï¾ï¾ï½ºï½³"], ["address", "939-0508"], ["lon", "å¯Œå±±çœŒå¯Œå±±å¸‚æ°´æ©‹è¥¿æµœç”ºï¼”ï¼•ï¼ï¼’ï¼‘æ°´æ©‹è¥¿æµœç”ºã‚¿ãƒ¯ãƒ¼ï¼’ï¼ï¼˜"], ["lat", "10,279,541"]]
  â†³ lib/tasks/import.rake:31:in `block (2 levels) in <main>'
  [1m[36mTRANSACTION (0.2ms)[0m  [1m[36mcommit transaction[0m
  â†³ lib/tasks/import.rake:31:in `block (2 levels) in <main>'
  [1m[36mTRANSACTION (0.0ms)[0m  [1m[36mbegin transaction[0m
  â†³ lib/tasks/import.rake:31:in `block (2 levels) in <main>'
  [1m[36mDummyCompanyInformation Create (0.1ms)[0m  [1m[32mINSERT INTO "dummy_company_informations" ("station_g_cd", "station_name", "line_cd", "pref_cd", "address", "lon", "lat") VALUES (?, ?, ?, ?, ?, ?, ?)[0m  [["station_g_cd", "310637"], ["station_name", "åƒç¾½é¶´è£½è–¬"], ["line_cd", "ä¸Šå ´"], ["pref_cd", "ï½¾ï¾ï¾Šï¾ï¾‚ï¾™ï½¾ï½²ï¾”ï½¸"], ["address", "400-0203"], ["lon", "å±±æ¢¨çœŒå—ã‚¢ãƒ«ãƒ—ã‚¹å¸‚å¾³æ°¸ï¼”ï¼”ï¼™ï¼’ï¼—"], ["lat", "58,743,119"]]
  â†³ lib/tasks/import.rake:31:in `block (2 levels) in <main>'
  [1m[36mTRANSACTION (0.2ms)[0m  [1m[36mcommit transaction[0m
  â†³ lib/tasks/import.rake:31:in `block (2 levels) in <main>'
  [1m[36mTRANSACTION (0.0ms)[0m  [1m[36mbegin transaction[0m
  â†³ lib/tasks/import.rake:31:in `block (2 levels) in <main>'
  [1m[36mDummyCompanyInformation Create (0.1ms)[0m  [1m[32mINSERT INTO "dummy_company_informations" ("station_g_cd", "station_name", "line_cd", "pref_cd", "address", "lon", "lat") VALUES (?, ?, ?, ?, ?, ?, ?)[0m  [["station_g_cd", "145951"], ["station_name", "é‡‘æ˜Ÿèˆˆæ¥­"], ["line_cd", "æœªä¸Šå ´"], ["pref_cd", "ï½·ï¾ï½¾ï½²ï½ºï½³ï½·ï¾ï½®ï½³"], ["address", "959-0416"], ["lon", "æ–°æ½ŸçœŒæ–°æ½Ÿå¸‚è¥¿è’²åŒºæµ¦æ‘ï¼”ï¼ï¼‘ï¼˜ï¼ï¼‘æµ¦æ‘ã®æœï¼”ï¼‘ï¼—"], ["lat", "766,655"]]
  â†³ lib/tasks/import.rake:31:in `block (2 levels) in <main>'
  [1m[36mTRANSACTION (0.2ms)[0m  [1m[36mcommit transaction[0m
  â†³ lib/tasks/import.rake:31:in `block (2 levels) in <main>'
  [1m[36mTRANSACTION (0.0ms)[0m  [1m[36mbegin transaction[0m
  â†³ lib/tasks/import.rake:31:in `block (2 levels) in <main>'
  [1m[36mDummyCompanyInformation Create (0.1ms)[0m  [1m[32mINSERT INTO "dummy_company_informations" ("station_g_cd", "station_name", "line_cd", "pref_cd", "address", "lon", "lat") VALUES (?, ?, ?, ?, ?, ?, ?)[0m  [["station_g_cd", "588298"], ["station_name", "æµæ˜Ÿé€šä¿¡"], ["line_cd", "ä¸Šå ´"], ["pref_cd", "ï¾˜ï½­ï½³ï½¾ï½²ï¾‚ï½³ï½¼ï¾"], ["address", "292-0033"], ["lon", "åƒè‘‰çœŒæœ¨æ›´æ´¥å¸‚çŠ¬æˆï¼”ï¼•ï¼ï¼’ï¼•"], ["lat", "7,600,193"]]
  â†³ lib/tasks/import.rake:31:in `block (2 levels) in <main>'
  [1m[36mTRANSACTION (0.2ms)[0m  [1m[36mcommit transaction[0m
  â†³ lib/tasks/import.rake:31:in `block (2 levels) in <main>'
  [1m[36mTRANSACTION (0.0ms)[0m  [1m[36mbegin transaction[0m
  â†³ lib/tasks/import.rake:31:in `block (2 levels) in <main>'
  [1m[36mDummyCompanyInformation Create (0.1ms)[0m  [1m[32mINSERT INTO "dummy_company_informations" ("station_g_cd", "station_name", "line_cd", "pref_cd", "address", "lon", "lat") VALUES (?, ?, ?, ?, ?, ?, ?)[0m  [["station_g_cd", "612900"], ["station_name", "ç´…è‘‰è£½ç´™"], ["line_cd", "ä¸Šå ´"], ["pref_cd", "ï½ºï½³ï¾–ï½³ï½¾ï½²ï½¼"], ["address", "988-0207"], ["lon", "å®®åŸçœŒæ°—ä»™æ²¼å¸‚å²©æœˆå®ã‚±æ²¢ï¼”ï¼”ï¼™ï¼–ï¼™"], ["lat", "40,357,396"]]
  â†³ lib/tasks/import.rake:31:in `block (2 levels) in <main>'
  [1m[36mTRANSACTION (0.2ms)[0m  [1m[36mcommit transaction[0m
  â†³ lib/tasks/import.rake:31:in `block (2 levels) in <main>'
  [1m[36mTRANSACTION (0.0ms)[0m  [1m[36mbegin transaction[0m
  â†³ lib/tasks/import.rake:31:in `block (2 levels) in <main>'
  [1m[36mDummyCompanyInformation Create (0.1ms)[0m  [1m[32mINSERT INTO "dummy_company_informations" ("station_g_cd", "station_name", "line_cd", "pref_cd", "address", "lon", "lat") VALUES (?, ?, ?, ?, ?, ?, ?)[0m  [["station_g_cd", "141950"], ["station_name", "é’å±±ç¹”ç‰©"], ["line_cd", "æœªä¸Šå ´"], ["pref_cd", "ï½±ï½µï¾”ï¾ï½µï¾˜ï¾“ï¾‰"], ["address", "300-2442"], ["lon", "èŒ¨åŸçœŒã¤ãã°ã¿ã‚‰ã„å¸‚è¥¿ãƒå°ï¼‘ï¼ï¼‘ï¼–ï¼ï¼‘ï¼™"], ["lat", "29,020,619"]]
  â†³ lib/tasks/import.rake:31:in `block (2 levels) in <main>'
  [1m[36mTRANSACTION (0.2ms)[0m  [1m[36mcommit transaction[0m
  â†³ lib/tasks/import.rake:31:in `block (2 levels) in <main>'
  [1m[36mTRANSACTION (0.0ms)[0m  [1m[36mbegin transaction[0m
  â†³ lib/tasks/import.rake:31:in `block (2 levels) in <main>'
  [1m[36mDummyCompanyInformation Create (0.1ms)[0m  [1m[32mINSERT INTO "dummy_company_informations" ("station_g_cd", "station_name", "line_cd", "pref_cd", "address", "lon", "lat") VALUES (?, ?, ?, ?, ?, ?, ?)[0m  [["station_g_cd", "505588"], ["station_name", "é‡‘æ˜Ÿé‡‘å±"], ["line_cd", "æœªä¸Šå ´"], ["pref_cd", "ï½·ï¾ï½¾ï½²ï½·ï¾ï½¿ï¾ï½¸"], ["address", "746-0051"], ["lon", "å±±å£çœŒå‘¨å—å¸‚å¾¡å§«ç”ºï¼‘ï¼ï¼’ï¼ï¼ï¼•"], ["lat", "93,966,217"]]
  â†³ lib/tasks/import.rake:31:in `block (2 levels) in <main>'
  [1m[36mTRANSACTION (0.2ms)[0m  [1m[36mcommit transaction[0m
  â†³ lib/tasks/import.rake:31:in `block (2 levels) in <main>'
  [1m[36mTRANSACTION (0.0ms)[0m  [1m[36mbegin transaction[0m
  â†³ lib/tasks/import.rake:31:in `block (2 levels) in <main>'
  [1m[36mDummyCompanyInformation Create (0.1ms)[0m  [1m[32mINSERT INTO "dummy_company_informations" ("station_g_cd", "station_name", "line_cd", "pref_cd", "address", "lon", "lat") VALUES (?, ?, ?, ?, ?, ?, ?)[0m  [["station_g_cd", "519097"], ["station_name", "æœˆå…‰é…’é€ "], ["line_cd", "ä¸Šå ´"], ["pref_cd", "ï½¹ï¾ï¾‚ï½ºï½³ï½¼ï½­ï½¿ï¾ï½³"], ["address", "633-2144"], ["lon", "å¥ˆè‰¯çœŒå®‡é™€å¸‚å¤§å®‡é™€æ —é‡ï¼“ï¼ï¼‘ï¼”ï¼ï¼‘ï¼“å¤§å®‡é™€æ —é‡ã‚°ãƒ©ãƒ³ãƒ‰ï¼“ï¼‘ï¼“"], ["lat", "5,483,233"]]
  â†³ lib/tasks/import.rake:31:in `block (2 levels) in <main>'
  [1m[36mTRANSACTION (0.2ms)[0m  [1m[36mcommit transaction[0m
  â†³ lib/tasks/import.rake:31:in `block (2 levels) in <main>'
  [1m[36mTRANSACTION (0.0ms)[0m  [1m[36mbegin transaction[0m
  â†³ lib/tasks/import.rake:31:in `block (2 levels) in <main>'
  [1m[36mDummyCompanyInformation Create (0.1ms)[0m  [1m[32mINSERT INTO "dummy_company_informations" ("station_g_cd", "station_name", "line_cd", "pref_cd", "address", "lon", "lat") VALUES (?, ?, ?, ?, ?, ?, ?)[0m  [["station_g_cd", "216402"], ["station_name", "å¤§æµ·ç‰©ç”£"], ["line_cd", "æœªä¸Šå ´"], ["pref_cd", "ï¾€ï½²ï½¶ï½²ï¾Œï¾ï½¯ï½»ï¾"], ["address", "933-0803"], ["lon", "å¯Œå±±çœŒé«˜å²¡å¸‚å‡ºæ¥ç”°ï¼“ï¼˜ï¼’ï¼ï¼–"], ["lat", "2,629,772"]]
  â†³ lib/tasks/import.rake:31:in `block (2 levels) in <main>'
  [1m[36mTRANSACTION (0.2ms)[0m  [1m[36mcommit transaction[0m
  â†³ lib/tasks/import.rake:31:in `block (2 levels) in <main>'
  [1m[36mTRANSACTION (0.0ms)[0m  [1m[36mbegin transaction[0m
  â†³ lib/tasks/import.rake:31:in `block (2 levels) in <main>'
  [1m[36mDummyCompanyInformation Create (0.1ms)[0m  [1m[32mINSERT INTO "dummy_company_informations" ("station_g_cd", "station_name", "line_cd", "pref_cd", "address", "lon", "lat") VALUES (?, ?, ?, ?, ?, ?, ?)[0m  [["station_g_cd", "753537"], ["station_name", "æ—¥æœ¬ç·åˆç—…é™¢"], ["line_cd", "æœªä¸Šå ´"], ["pref_cd", "ï¾†ï¾ï¾ï½¿ï½³ï½ºï¾ï½³ï¾‹ï¾ï½®ï½³ï½²ï¾"], ["address", "518-1417"], ["lon", "ä¸‰é‡çœŒä¼Šè³€å¸‚å¯Œæ°¸ï¼”ï¼ï¼‘ï¼•ï¼ï¼™"], ["lat", "75,208,482"]]
  â†³ lib/tasks/import.rake:31:in `block (2 levels) in <main>'
  [1m[36mTRANSACTION (0.2ms)[0m  [1m[36mcommit transaction[0m
  â†³ lib/tasks/import.rake:31:in `block (2 levels) in <main>'
  [1m[36mTRANSACTION (0.0ms)[0m  [1m[36mbegin transaction[0m
  â†³ lib/tasks/import.rake:31:in `block (2 levels) in <main>'
  [1m[36mDummyCompanyInformation Create (0.1ms)[0m  [1m[32mINSERT INTO "dummy_company_informations" ("station_g_cd", "station_name", "line_cd", "pref_cd", "address", "lon", "lat") VALUES (?, ?, ?, ?, ?, ?, ?)[0m  [["station_g_cd", "448736"], ["station_name", "æ˜Ÿé‡è²¿æ˜“"], ["line_cd", "ä¸Šå ´"], ["pref_cd", "ï¾ï½¼ï¾‰ï¾ï¾ï½³ï½´ï½·"], ["address", "370-0117"], ["lon", "ç¾¤é¦¬çœŒä¼Šå‹¢å´å¸‚å¢ƒç™¾ã€…ï¼“ï¼—ï¼™ï¼“ï¼”å¢ƒç™¾ã€…ã‚¹ã‚¤ãƒ¼ãƒˆï¼’ï¼‘ï¼•"], ["lat", "9,851,878"]]
  â†³ lib/tasks/import.rake:31:in `block (2 levels) in <main>'
  [1m[36mTRANSACTION (0.2ms)[0m  [1m[36mcommit transaction[0m
  â†³ lib/tasks/import.rake:31:in `block (2 levels) in <main>'
  [1m[36mTRANSACTION (0.0ms)[0m  [1m[36mbegin transaction[0m
  â†³ lib/tasks/import.rake:31:in `block (2 levels) in <main>'
  [1m[36mDummyCompanyInformation Create (0.1ms)[0m  [1m[32mINSERT INTO "dummy_company_informations" ("station_g_cd", "station_name", "line_cd", "pref_cd", "address", "lon", "lat") VALUES (?, ?, ?, ?, ?, ?, ?)[0m  [["station_g_cd", "116297"], ["station_name", "ç™½é›ªç”£æ¥­"], ["line_cd", "æœªä¸Šå ´"], ["pref_cd", "ï½¼ï¾›ï¾•ï½·ï½»ï¾ï½·ï¾ï½®ï½³"], ["address", "039-1542"], ["lon", "é’æ£®çœŒä¸‰æˆ¸éƒ¡äº”æˆ¸ç”ºä¸­é“åæ–‡å­—ï¼”ï¼•ï¼ï¼ï¼”"], ["lat", "37,086,949"]]
  â†³ lib/tasks/import.rake:31:in `block (2 levels) in <main>'
  [1m[36mTRANSACTION (0.2ms)[0m  [1m[36mcommit transaction[0m
  â†³ lib/tasks/import.rake:31:in `block (2 levels) in <main>'
  [1m[36mTRANSACTION (0.0ms)[0m  [1m[36mbegin transaction[0m
  â†³ lib/tasks/import.rake:31:in `block (2 levels) in <main>'
  [1m[36mDummyCompanyInformation Create (0.1ms)[0m  [1m[32mINSERT INTO "dummy_company_informations" ("station_g_cd", "station_name", "line_cd", "pref_cd", "address", "lon", "lat") VALUES (?, ?, ?, ?, ?, ?, ?)[0m  [["station_g_cd", "471842"], ["station_name", "æ¥“æœ¨ç¹Šç¶­"], ["line_cd", "æœªä¸Šå ´"], ["pref_cd", "ï½¶ï½´ï¾ƒï¾ï½·ï½¾ï¾ï½²"], ["address", "923-0072"], ["lon", "çŸ³å·çœŒå°æ¾å¸‚ã¿ã©ã‚Šç”ºï¼”ï¼ï¼‘ï¼—ï¼ï¼‘ï¼–ãƒ•ã‚©ãƒ¬ã‚¹ãƒˆã¿ã©ã‚Šç”ºï¼’ï¼ï¼–"], ["lat", "3,206,841"]]
  â†³ lib/tasks/import.rake:31:in `block (2 levels) in <main>'
  [1m[36mTRANSACTION (0.2ms)[0m  [1m[36mcommit transaction[0m
  â†³ lib/tasks/import.rake:31:in `block (2 levels) in <main>'
  [1m[36mTRANSACTION (0.0ms)[0m  [1m[36mbegin transaction[0m
  â†³ lib/tasks/import.rake:31:in `block (2 levels) in <main>'
  [1m[36mDummyCompanyInformation Create (0.1ms)[0m  [1m[32mINSERT INTO "dummy_company_informations" ("station_g_cd", "station_name", "line_cd", "pref_cd", "address", "lon", "lat") VALUES (?, ?, ?, ?, ?, ?, ?)[0m  [["station_g_cd", "649811"], ["station_name", "æ¸…æ°´å»ºè¨­"], ["line_cd", "æœªä¸Šå ´"], ["pref_cd", "ï½¼ï¾ï½½ï¾ï½¹ï¾ï½¾ï¾‚"], ["address", "899-3515"], ["lon", "é¹¿å…å³¶çœŒå—ã•ã¤ã¾å¸‚é‡‘å³°ç”ºä¸­æ´¥é‡ï¼“ï¼˜ï¼’ï¼–ï¼“"], ["lat", "30,526,624"]]
  â†³ lib/tasks/import.rake:31:in `block (2 levels) in <main>'
  [1m[36mTRANSACTION (0.2ms)[0m  [1m[36mcommit transaction[0m
  â†³ lib/tasks/import.rake:31:in `block (2 levels) in <main>'
  [1m[36mTRANSACTION (0.0ms)[0m  [1m[36mbegin transaction[0m
  â†³ lib/tasks/import.rake:31:in `block (2 levels) in <main>'
  [1m[36mDummyCompanyInformation Create (0.1ms)[0m  [1m[32mINSERT INTO "dummy_company_informations" ("station_g_cd", "station_name", "line_cd", "pref_cd", "address", "lon", "lat") VALUES (?, ?, ?, ?, ?, ?, ?)[0m  [["station_g_cd", "318374"], ["station_name", "ç¥æ¥½ã‚¨ãƒ³ã‚¸ãƒ‹ã‚¢ãƒªãƒ³ã‚°"], ["line_cd", "æœªä¸Šå ´"], ["pref_cd", "ï½¶ï½¸ï¾ï¾—ï½´ï¾ï½¼ï¾ï¾†ï½±ï¾˜ï¾ï½¸ï¾"], ["address", "606-8384"], ["lon", "äº¬éƒ½åºœäº¬éƒ½å¸‚å·¦äº¬åŒºæ–°ç”Ÿæ´²ç”ºï¼“ï¼–ï¼™ï¼ï¼”"], ["lat", "29,639,231"]]
  â†³ lib/tasks/import.rake:31:in `block (2 levels) in <main>'
  [1m[36mTRANSACTION (0.2ms)[0m  [1m[36mcommit transaction[0m
  â†³ lib/tasks/import.rake:31:in `block (2 levels) in <main>'
  [1m[36mTRANSACTION (0.0ms)[0m  [1m[36mbegin transaction[0m
  â†³ lib/tasks/import.rake:31:in `block (2 levels) in <main>'
  [1m[36mDummyCompanyInformation Create (0.1ms)[0m  [1m[32mINSERT INTO "dummy_company_informations" ("station_g_cd", "station_name", "line_cd", "pref_cd", "address", "lon", "lat") VALUES (?, ?, ?, ?, ?, ?, ?)[0m  [["station_g_cd", "469222"], ["station_name", "å¤æœ¨èˆˆç”£"], ["line_cd", "æœªä¸Šå ´"], ["pref_cd", "ï¾…ï¾‚ï½·ï½ºï½³ï½»ï¾"], ["address", "859-4306"], ["lon", "é•·å´çœŒæ¾æµ¦å¸‚é·¹å³¶ç”ºåŸå…ï¼”ï¼”ï¼™ï¼™ï¼‘"], ["lat", "26,167,425"]]
  â†³ lib/tasks/import.rake:31:in `block (2 levels) in <main>'
  [1m[36mTRANSACTION (0.2ms)[0m  [1m[36mcommit transaction[0m
  â†³ lib/tasks/import.rake:31:in `block (2 levels) in <main>'
  [1m[36mTRANSACTION (0.0ms)[0m  [1m[36mbegin transaction[0m
  â†³ lib/tasks/import.rake:31:in `block (2 levels) in <main>'
  [1m[36mDummyCompanyInformation Create (0.1ms)[0m  [1m[32mINSERT INTO "dummy_company_informations" ("station_g_cd", "station_name", "line_cd", "pref_cd", "address", "lon", "lat") VALUES (?, ?, ?, ?, ?, ?, ?)[0m  [["station_g_cd", "406631"], ["station_name", "è’¼æµ·åŒ–å­¦"], ["line_cd", "ä¸Šå ´"], ["pref_cd", "ï½¿ï½³ï½¶ï½²ï½¶ï½¶ï¾ï½¸"], ["address", "240-0015"], ["lon", "ç¥å¥ˆå·çœŒæ¨ªæµœå¸‚ä¿åœŸã‚±è°·åŒºå²©å´ç”ºï¼”ï¼”ï¼™ï¼—ï¼—ãƒ—ãƒ©ã‚¶å²©å´ç”ºï¼“ï¼ï¼™"], ["lat", "7,244,291"]]
  â†³ lib/tasks/import.rake:31:in `block (2 levels) in <main>'
  [1m[36mTRANSACTION (0.2ms)[0m  [1m[36mcommit transaction[0m
  â†³ lib/tasks/import.rake:31:in `block (2 levels) in <main>'
  [1m[36mTRANSACTION (0.0ms)[0m  [1m[36mbegin transaction[0m
  â†³ lib/tasks/import.rake:31:in `block (2 levels) in <main>'
  [1m[36mDummyCompanyInformation Create (0.1ms)[0m  [1m[32mINSERT INTO "dummy_company_informations" ("station_g_cd", "station_name", "line_cd", "pref_cd", "address", "lon", "lat") VALUES (?, ?, ?, ?, ?, ?, ?)[0m  [["station_g_cd", "287155"], ["station_name", "æ˜¥æ—¥è£½ä½œæ‰€"], ["line_cd", "ä¸Šå ´"], ["pref_cd", "ï½¶ï½½ï½¶ï¾ï½¾ï½²ï½»ï½¸ï½¼ï¾ï½®"], ["address", "112-0012"], ["lon", "æ±äº¬éƒ½æ–‡äº¬åŒºå¤§å¡šï¼“ï¼—ï¼‘ï¼’ï¼ãƒã‚¦ã‚¹å¤§å¡šï¼’ï¼ï¼”"], ["lat", "16,338,898"]]
  â†³ lib/tasks/import.rake:31:in `block (2 levels) in <main>'
  [1m[36mTRANSACTION (0.2ms)[0m  [1m[36mcommit transaction[0m
  â†³ lib/tasks/import.rake:31:in `block (2 levels) in <main>'
  [1m[36mTRANSACTION (0.0ms)[0m  [1m[36mbegin transaction[0m
  â†³ lib/tasks/import.rake:31:in `block (2 levels) in <main>'
  [1m[36mDummyCompanyInformation Create (0.1ms)[0m  [1m[32mINSERT INTO "dummy_company_informations" ("station_g_cd", "station_name", "line_cd", "pref_cd", "address", "lon", "lat") VALUES (?, ?, ?, ?, ?, ?, ?)[0m  [["station_g_cd", "599219"], ["station_name", "å¤ªé™½ç‰©æµ"], ["line_cd", "ä¸Šå ´"], ["pref_cd", "ï¾€ï½²ï¾–ï½³ï¾Œï¾ï¾‚ï¾˜ï½­ï½³"], ["address", "812-0011"], ["lon", "ç¦å²¡çœŒç¦å²¡å¸‚åšå¤šåŒºåšå¤šé§…å‰ï¼‘ï¼ï¼‘ï¼”ï¼ï¼–"], ["lat", "27,137,233"]]
  â†³ lib/tasks/import.rake:31:in `block (2 levels) in <main>'
  [1m[36mTRANSACTION (0.2ms)[0m  [1m[36mcommit transaction[0m
  â†³ lib/tasks/import.rake:31:in `block (2 levels) in <main>'
  [1m[36mTRANSACTION (0.0ms)[0m  [1m[36mbegin transaction[0m
  â†³ lib/tasks/import.rake:31:in `block (2 levels) in <main>'
  [1m[36mDummyCompanyInformation Create (0.1ms)[0m  [1m[32mINSERT INTO "dummy_company_informations" ("station_g_cd", "station_name", "line_cd", "pref_cd", "address", "lon", "lat") VALUES (?, ?, ?, ?, ?, ?, ?)[0m  [["station_g_cd", "195092"], ["station_name", "æ—­å±±é€šä¿¡"], ["line_cd", "ä¸Šå ´"], ["pref_cd", "ï½±ï½»ï¾‹ï¾”ï¾ï¾‚ï½³ï½¼ï¾"], ["address", "996-0213"], ["lon", "å±±å½¢çœŒæœ€ä¸Šéƒ¡å¤§è”µæ‘èµ¤æ¾ï¼”ï¼ï¼‘ï¼”ï¼ï¼–èµ¤æ¾ã‚¹ã‚«ã‚¤ï¼”ï¼‘ï¼"], ["lat", "31,904,185"]]
  â†³ lib/tasks/import.rake:31:in `block (2 levels) in <main>'
  [1m[36mTRANSACTION (0.2ms)[0m  [1m[36mcommit transaction[0m
  â†³ lib/tasks/import.rake:31:in `block (2 levels) in <main>'
  [1m[36mTRANSACTION (0.0ms)[0m  [1m[36mbegin transaction[0m
  â†³ lib/tasks/import.rake:31:in `block (2 levels) in <main>'
  [1m[36mDummyCompanyInformation Create (0.1ms)[0m  [1m[32mINSERT INTO "dummy_company_informations" ("station_g_cd", "station_name", "line_cd", "pref_cd", "address", "lon", "lat") VALUES (?, ?, ?, ?, ?, ?, ?)[0m  [["station_g_cd", "572146"], ["station_name", "é³³å‡°è²¿æ˜“"], ["line_cd", "æœªä¸Šå ´"], ["pref_cd", "ï¾ï½³ï½µï½³ï¾ï¾ï½³ï½´ï½·"], ["address", "910-1305"], ["lon", "ç¦äº•çœŒå‰ç”°éƒ¡æ°¸å¹³å¯ºç”ºç«¹åŸï¼“ï¼—ï¼™ï¼ï¼”"], ["lat", "35,701,029"]]
  â†³ lib/tasks/import.rake:31:in `block (2 levels) in <main>'
  [1m[36mTRANSACTION (0.2ms)[0m  [1m[36mcommit transaction[0m
  â†³ lib/tasks/import.rake:31:in `block (2 levels) in <main>'
  [1m[36mDummyCompanyInformation Load (0.5ms)[0m  [1m[34mSELECT "dummy_company_informations".* FROM "dummy_company_informations"[0m
